[03:20:25] [main/INFO] ========================================
[03:20:25] [main/INFO] Minecraft: 1.20.1
[03:20:25] [main/INFO] Side: server
[03:20:25] [main/INFO] Development: false
[03:20:25] [main/INFO] Version: 12.1.785
[03:20:25] [main/INFO] Loader:
[03:20:25] [main/INFO] - Fabric: 0.18.2
[03:20:25] [main/INFO] - Fabric API: 0.92.8+1.20.1
[03:20:25] [main/INFO] Dependencies:
[03:20:25] [main/INFO] - Cloth Config: 11.1.136
[03:20:25] [main/INFO] - Architectury: 9.2.14
[03:20:25] [main/INFO] Mixin: 0.8.7
[03:20:25] [main/INFO] OS: Linux 6.8.0-1044-azure (amd64)
[03:20:25] [main/INFO] Java: 17.0.18 (Ubuntu)
[03:20:25] [main/INFO] ========================================
[03:20:25] [main/INFO] Mods:
[03:20:25] [main/INFO] - archers: 1.3.0+1.20.1
[03:20:25] [main/INFO] - architectury: 9.2.14
[03:20:25] [main/INFO] - azurelibarmor: 2.0.14
[03:20:25] [main/INFO] - bellsandwhistles: 0.4.5
[03:20:25] [main/INFO] - betterchunkloading: 1.20.1-5.5
[03:20:25] [main/INFO] - bettercombat: 1.9.0+1.20.1
[03:20:25] [main/INFO] - bountiful: 6.0.4+1.20.1
[03:20:25] [main/INFO] - cardinal-components: 5.2.3
[03:20:25] [main/INFO] - cardinal-components-base: 5.2.3
[03:20:25] [main/INFO] - cardinal-components-block: 5.2.3
[03:20:25] [main/INFO] - cardinal-components-chunk: 5.2.3
[03:20:25] [main/INFO] - cardinal-components-entity: 5.2.3
[03:20:25] [main/INFO] - cardinal-components-item: 5.2.3
[03:20:25] [main/INFO] - cardinal-components-level: 5.2.3
[03:20:25] [main/INFO] - cardinal-components-scoreboard: 5.2.3
[03:20:25] [main/INFO] - cardinal-components-world: 5.2.3
[03:20:25] [main/INFO] - cloth-basic-math: 0.6.1
[03:20:25] [main/INFO] - cloth-config: 11.1.136
[03:20:25] [main/INFO] - cloth-config: 11.1.136
[03:20:25] [main/INFO] - com_electronwill_night-config_core: 3.6.6
[03:20:25] [main/INFO] - com_electronwill_night-config_toml: 3.6.6
[03:20:25] [main/INFO] - com_fasterxml_classmate: 1.5.1
[03:20:25] [main/INFO] - com_github_zsoltmolnarrr_tinyconfig: 2.3.2
[03:20:25] [main/INFO] - com_google_code_findbugs_jsr305: 3.0.2
[03:20:25] [main/INFO] - com_velocitypowered_velocity-native: 3.2.0-SNAPSHOT
[03:20:25] [main/INFO] - combatroll: 1.3.3+1.20.1
[03:20:25] [main/INFO] - create: 6.0.8.1+build.1744-mc1.20.1
[03:20:25] [main/INFO] - create-better-villagers: 1.2.9-Fabric-1.20.1
[03:20:25] [main/INFO] - create_pillagers_arise: 118.28.GL
[03:20:25] [main/INFO] - create_structures_arise: 156.29.28
[03:20:25] [main/INFO] - createbigcannons: 5.11.2
[03:20:25] [main/INFO] - createdeco: 2.1.1-1.20.1-fabric
[03:20:25] [main/INFO] - createnuclear: 1.20.1
[03:20:25] [main/INFO] - createoptimizer: 1.0.1+1.20.1
[03:20:25] [main/INFO] - createrailwaysnavigator: 1.20.1-beta-0.8.5-C6
[03:20:25] [main/INFO] - createthreadedtrains: 1.20.1-1.0.0
[03:20:25] [main/INFO] - createtransmission: 1.1.0+fabric-create6-1.20.1
[03:20:25] [main/INFO] - cupboard: 1.20.1-3.7
[03:20:25] [main/INFO] - death_knights: 1.0.0
[03:20:25] [main/INFO] - delightfulcreators: 1.3-1.20.x-FDR-support
[03:20:25] [main/INFO] - dev_engine-room_flywheel_flywheel-fabric-api-1_20_1: 1.0.5-264
[03:20:25] [main/INFO] - dragonlib: 1.20.1-2.2.24
[03:20:25] [main/INFO] - dripstone_fluid_lib: 3.0.2
[03:20:25] [main/INFO] - dungeon_difficulty: 2.2.1+1.20.1
[03:20:25] [main/INFO] - error_notifier: 1.0.9
[03:20:25] [main/INFO] - escalated: 1.2.1
[03:20:25] [main/INFO] - eternal_attributes: 1.0.0
[03:20:25] [main/INFO] - exposure: 1.9.20
[03:20:25] [main/INFO] - extrabounties: 1.3.7
[03:20:25] [main/INFO] - fabric-api: 0.92.8+1.20.1
[03:20:25] [main/INFO] - fabric-api: 0.92.8+1.20.1
[03:20:25] [main/INFO] - fabric-api-base: 0.4.32+1802ada577
[03:20:25] [main/INFO] - fabric-api-lookup-api-v1: 1.6.37+1802ada577
[03:20:25] [main/INFO] - fabric-biome-api-v1: 13.0.15+93aa238b77
[03:20:25] [main/INFO] - fabric-block-api-v1: 1.0.12+1802ada577
[03:20:25] [main/INFO] - fabric-block-view-api-v2: 1.0.3+924f046a77
[03:20:25] [main/INFO] - fabric-command-api-v1: 1.2.35+f71b366f77
[03:20:25] [main/INFO] - fabric-command-api-v2: 2.2.14+1802ada577
[03:20:25] [main/INFO] - fabric-commands-v0: 0.2.52+df3654b377
[03:20:25] [main/INFO] - fabric-containers-v0: 0.1.67+df3654b377
[03:20:25] [main/INFO] - fabric-content-registries-v0: 4.0.13+1802ada577
[03:20:25] [main/INFO] - fabric-convention-tags-v1: 1.5.6+1802ada577
[03:20:25] [main/INFO] - fabric-crash-report-info-v1: 0.2.20+1802ada577
[03:20:25] [main/INFO] - fabric-data-attachment-api-v1: 1.0.2+de0fd6d177
[03:20:25] [main/INFO] - fabric-data-generation-api-v1: 12.3.8+1802ada577
[03:20:25] [main/INFO] - fabric-dimensions-v1: 2.1.55+1802ada577
[03:20:25] [main/INFO] - fabric-entity-events-v1: 1.6.1+1c78457f77
[03:20:25] [main/INFO] - fabric-events-interaction-v0: 0.6.5+13a40c6677
[03:20:25] [main/INFO] - fabric-events-lifecycle-v0: 0.2.64+df3654b377
[03:20:25] [main/INFO] - fabric-game-rule-api-v1: 1.0.41+1802ada577
[03:20:25] [main/INFO] - fabric-item-api-v1: 2.1.29+1802ada577
[03:20:25] [main/INFO] - fabric-item-group-api-v1: 4.0.14+1802ada577
[03:20:25] [main/INFO] - fabric-language-kotlin: 1.11.0+kotlin.2.0.0
[03:20:25] [main/INFO] - fabric-lifecycle-events-v1: 2.2.23+1802ada577
[03:20:25] [main/INFO] - fabric-loot-api-v2: 1.2.3+1802ada577
[03:20:25] [main/INFO] - fabric-loot-tables-v1: 1.1.47+9e7660c677
[03:20:25] [main/INFO] - fabric-message-api-v1: 5.1.10+1802ada577
[03:20:25] [main/INFO] - fabric-mining-level-api-v1: 2.1.52+1802ada577
[03:20:25] [main/INFO] - fabric-networking-api-v1: 1.3.14+a158aa0477
[03:20:25] [main/INFO] - fabric-networking-v0: 0.3.54+df3654b377
[03:20:25] [main/INFO] - fabric-object-builder-api-v1: 11.1.5+e35120df77
[03:20:25] [main/INFO] - fabric-particles-v1: 1.1.3+1802ada577
[03:20:25] [main/INFO] - fabric-recipe-api-v1: 1.0.24+1802ada577
[03:20:25] [main/INFO] - fabric-registry-sync-v0: 2.4.0+4c0a70e677
[03:20:25] [main/INFO] - fabric-rendering-data-attachment-v1: 0.3.39+92a0d36777
[03:20:25] [main/INFO] - fabric-rendering-fluids-v1: 3.0.29+1802ada577
[03:20:25] [main/INFO] - fabric-resource-conditions-api-v1: 2.3.9+1802ada577
[03:20:25] [main/INFO] - fabric-resource-loader-v0: 0.11.12+fb82e9d777
[03:20:25] [main/INFO] - fabric-screen-handler-api-v1: 1.3.33+1802ada577
[03:20:25] [main/INFO] - fabric-transfer-api-v1: 3.3.6+8dd72ea377
[03:20:25] [main/INFO] - fabric-transitive-access-wideners-v1: 4.3.2+1802ada577
[03:20:25] [main/INFO] - fabricloader: 0.18.2
[03:20:25] [main/INFO] - farmersdelight: 1.20.1-1.4.3
[03:20:25] [main/INFO] - ferritecore: 6.0.1
[03:20:25] [main/INFO] - forgeconfigapiport: 8.0.3
[03:20:25] [main/INFO] - gazebo: 1.1.1+1.20.1
[03:20:25] [main/INFO] - java: 17
[03:20:25] [main/INFO] - javax_annotation_javax_annotation-api: 1.3.2
[03:20:25] [main/INFO] - jewelry: 1.3.7+1.20.1
[03:20:25] [main/INFO] - kambrik: 6.1.1+1.20.1
[03:20:25] [main/INFO] - kelvin: 1.20.1-0.5.0+b79a61b0b5
[03:20:25] [main/INFO] - krypton: 0.2.3
[03:20:25] [main/INFO] - lithium: 0.11.4
[03:20:25] [main/INFO] - milk: 1.2.60
[03:20:25] [main/INFO] - minecraft: 1.20.1
[03:20:25] [main/INFO] - mixinextras: 0.5.0
[03:20:25] [main/INFO] - mixinsquared: 0.3.7-beta.1
[03:20:25] [main/INFO] - necronomicon: 1.6.0
[03:20:25] [main/INFO] - org_ejml_ejml-core: 0.44.0
[03:20:25] [main/INFO] - org_ejml_ejml-ddense: 0.44.0
[03:20:25] [main/INFO] - org_ejml_ejml-dsparse: 0.44.0
[03:20:25] [main/INFO] - org_ejml_ejml-simple: 0.44.0
[03:20:25] [main/INFO] - org_jetbrains_kotlin_kotlin-reflect: 2.0.0
[03:20:25] [main/INFO] - org_jetbrains_kotlin_kotlin-stdlib: 2.0.0
[03:20:25] [main/INFO] - org_jetbrains_kotlin_kotlin-stdlib-jdk7: 2.0.0
[03:20:25] [main/INFO] - org_jetbrains_kotlin_kotlin-stdlib-jdk8: 2.0.0
[03:20:25] [main/INFO] - org_jetbrains_kotlinx_atomicfu-jvm: 0.24.0
[03:20:25] [main/INFO] - org_jetbrains_kotlinx_kotlinx-coroutines-core-jvm: 1.8.1
[03:20:25] [main/INFO] - org_jetbrains_kotlinx_kotlinx-coroutines-jdk8: 1.8.1
[03:20:25] [main/INFO] - org_jetbrains_kotlinx_kotlinx-datetime-jvm: 0.6.0
[03:20:25] [main/INFO] - org_jetbrains_kotlinx_kotlinx-serialization-cbor-jvm: 1.6.3
[03:20:25] [main/INFO] - org_jetbrains_kotlinx_kotlinx-serialization-core-jvm: 1.6.3
[03:20:25] [main/INFO] - org_jetbrains_kotlinx_kotlinx-serialization-json-jvm: 1.6.3
[03:20:25] [main/INFO] - paladins: 1.4.0+1.20.1
[03:20:25] [main/INFO] - player-animator: 1.0.2-rc1+1.20
[03:20:25] [main/INFO] - ponder: 1.0.91
[03:20:25] [main/INFO] - porting_lib_accessors: 2.3.13+1.20.1
[03:20:25] [main/INFO] - porting_lib_attributes: 2.3.13+1.20.1
[03:20:25] [main/INFO] - porting_lib_base: 2.3.13+1.20.1
[03:20:25] [main/INFO] - porting_lib_brewing: 2.3.13+1.20.1
[03:20:25] [main/INFO] - porting_lib_client_events: 2.3.13+1.20.1
[03:20:25] [main/INFO] - porting_lib_common: 2.3.13+1.20.1
[03:20:25] [main/INFO] - porting_lib_config: 2.3.13+1.20.1
[03:20:25] [main/INFO] - porting_lib_core: 2.3.13+1.20.1
[03:20:25] [main/INFO] - porting_lib_data: 2.3.13+1.20.1
[03:20:25] [main/INFO] - porting_lib_entity: 2.3.13+1.20.1
[03:20:25] [main/INFO] - porting_lib_extensions: 2.3.13+1.20.1
[03:20:25] [main/INFO] - porting_lib_fluids: 2.3.13+1.20.1
[03:20:25] [main/INFO] - porting_lib_gametest: 2.1.1127+1.20
[03:20:25] [main/INFO] - porting_lib_gui_utils: 2.3.13+1.20.1
[03:20:25] [main/INFO] - porting_lib_lazy_registration: 2.3.13+1.20.1
[03:20:25] [main/INFO] - porting_lib_mixin_extensions: 2.3.13+1.20.1
[03:20:25] [main/INFO] - porting_lib_model_generators: 2.3.13+1.20.1
[03:20:25] [main/INFO] - porting_lib_model_loader: 2.3.13+1.20.1
[03:20:25] [main/INFO] - porting_lib_model_materials: 2.3.13+1.20.1
[03:20:25] [main/INFO] - porting_lib_models: 2.3.13+1.20.1
[03:20:25] [main/INFO] - porting_lib_networking: 2.3.13+1.20.1
[03:20:25] [main/INFO] - porting_lib_obj_loader: 2.3.13+1.20.1
[03:20:25] [main/INFO] - porting_lib_tags: 3.0
[03:20:25] [main/INFO] - porting_lib_tool_actions: 2.3.13+1.20.1
[03:20:25] [main/INFO] - porting_lib_transfer: 2.3.13+1.20.1
[03:20:25] [main/INFO] - porting_lib_utility: 2.1.1127+1.20
[03:20:25] [main/INFO] - powergrid: 0.5.4.1
[03:20:25] [main/INFO] - projectile_damage: 3.2.3+1.20.1
[03:20:25] [main/INFO] - puffish_skills: 0.17.3
[03:20:25] [main/INFO] - ranged_weapon_api: 1.1.4+1.20.1
[03:20:25] [main/INFO] - reach-entity-attributes: 2.4.0
[03:20:25] [main/INFO] - registrate-fabric: 1.3.79-MC1.20.1
[03:20:25] [main/INFO] - ritchiesprojectilelib: 2.1.1
[03:20:25] [main/INFO] - rogues: 1.2.0+1.20.1
[03:20:25] [main/INFO] - roughlyenoughitems: 12.1.785
[03:20:25] [main/INFO] - runes: 0.9.13+1.20.1
[03:20:25] [main/INFO] - shield_api: 1.0.0+1.20.1
[03:20:25] [main/INFO] - spell_engine: 0.15.12+1.20.1
[03:20:25] [main/INFO] - spell_power: 0.12.0+1.20.1
[03:20:25] [main/INFO] - structure_pool_api: 1.0+1.20.1
[03:20:25] [main/INFO] - team_reborn_energy: 3.0.0
[03:20:25] [main/INFO] - travelersbackpack: 9.1.51
[03:20:25] [main/INFO] - trinkets: 3.7.2
[03:20:25] [main/INFO] - underground_village: 1.5.2
[03:20:25] [main/INFO] - valkyrienskies: 2.4.11
[03:20:25] [main/INFO] - vs_clockwork: 0.5.5.2
[03:20:25] [main/INFO] - vscarmor: 1.0.1
[03:20:25] [main/INFO] - wizards: 1.4.1+1.20.1
[03:20:25] [main/INFO] - xaerolib: 1.1.0
[03:20:25] [main/INFO] - xaerominimap: 25.3.10
[03:20:25] [main/INFO] - xaeroworldmap: 1.40.11
[03:20:25] [main/INFO] ========================================
[03:20:25] [main/INFO] [REI] Registered plugin provider DefaultPlugin [roughlyenoughitems] for REIPlugin
[03:20:25] [main/INFO] [REI] Registered plugin provider DefaultRuntimePlugin [roughlyenoughitems] for REIPlugin
[03:20:25] [main/INFO] [REI] Registered plugin provider DefaultPlugin [roughlyenoughitems] for REIServerPlugin
[03:20:25] [main/INFO] [REI] Registered plugin provider DefaultRuntimePlugin [roughlyenoughitems] for REIServerPlugin
[03:20:25] [main/INFO] [REI] Registered plugin provider FabricFluidAPISupportPlugin for REIServerPlugin
[03:20:25] [main/INFO] [REI] Registered plugin provider FabricFluidAPISupportPlugin for REIPlugin
[03:20:30] [Worker-Main-1/DEBUG] [REI] Processed 5 tags in 439.0 μs for minecraft:enchantment
[03:20:30] [Worker-Main-3/DEBUG] [REI] Processed 2 tags in 521.4 μs for create:contraption_type
[03:20:30] [Worker-Main-1/DEBUG] [REI] Processed 3 tags in 21.43 μs for minecraft:instrument
[03:20:30] [Worker-Main-1/DEBUG] [REI] Processed 1 tags in 48.39 μs for minecraft:painting_variant[03:20:30] [Worker-Main-3/DEBUG] [REI] Processed 0 tags in 10.32 μs for minecraft:worldgen/flat_level_generator_preset

[03:20:30] [Worker-Main-1/DEBUG] [REI] Processed 5 tags in 89.64 μs for minecraft:game_event
[03:20:30] [Worker-Main-1/DEBUG] [REI] Processed 2 tags in 26.37 μs for create:mounted_item_storage_type
[03:20:30] [Worker-Main-3/DEBUG] [REI] Processed 0 tags in 16.22 μs for minecraft:damage_type
[03:20:30] [Worker-Main-1/DEBUG] [REI] Processed 3 tags in 62.95 μs for minecraft:point_of_interest_type
[03:20:31] [Worker-Main-1/DEBUG] [REI] Processed 2 tags in 28.08 μs for minecraft:cat_variant
[03:20:31] [Worker-Main-3/DEBUG] [REI] Processed 24 tags in 168.4 μs for minecraft:fluid
[03:20:31] [Worker-Main-3/DEBUG] [REI] Processed 7 tags in 51.22 μs for minecraft:banner_pattern
[03:20:31] [Worker-Main-1/DEBUG] [REI] Processed 0 tags in 15.04 μs for minecraft:worldgen/structure
[03:20:31] [Worker-Main-3/DEBUG] [REI] Processed 1 tags in 29.42 μs for minecraft:recipe_serializer
[03:20:31] [Worker-Main-3/DEBUG] [REI] Processed 22 tags in 162.6 μs for minecraft:entity_type
[03:20:31] [Worker-Main-1/DEBUG] [REI] Processed 0 tags in 73.99 μs for minecraft:worldgen/biome
[03:20:31] [Worker-Main-1/DEBUG] [REI] Processed 0 tags in 12.06 μs for minecraft:worldgen/world_preset
[03:20:31] [Worker-Main-3/DEBUG] [REI] Processed 658 tags in 5.460 ms for minecraft:item
[03:20:31] [Worker-Main-2/DEBUG] [REI] Processed 414 tags in 40.16 ms for minecraft:block
[03:20:33] [main/DEBUG] [REI] Starting Reload Plugins of stage null
java.lang.Throwable
	at knot//me.shedaniel.rei.impl.common.plugins.ReloadManagerImpl.reloadPlugins(ReloadManagerImpl.java:110)
	at knot//me.shedaniel.rei.RoughlyEnoughItemsCore.lambda$onInitialize$5(RoughlyEnoughItemsCore.java:163)
	at java.base/java.util.concurrent.CompletableFuture$UniRun.tryFire(CompletableFuture.java:787)
	at java.base/java.util.concurrent.CompletableFuture$Completion.run(CompletableFuture.java:482)
	at knot//net.minecraft.class_4014.method_18365(class_4014.java:69)
	at knot//net.minecraft.class_156.method_43498(class_156.java:950)
	at knot//net.minecraft.class_156.method_43499(class_156.java:938)
	at knot//net.minecraft.server.Main.main(Main.java:160)
	at net.fabricmc.loader.impl.game.minecraft.MinecraftGameProvider.launch(MinecraftGameProvider.java:514)
	at net.fabricmc.loader.impl.launch.knot.Knot.launch(Knot.java:72)
	at net.fabricmc.loader.impl.launch.knot.KnotServer.main(KnotServer.java:23)
	at net.fabricmc.loader.impl.launch.server.FabricServerLauncher.main(FabricServerLauncher.java:69)
	at net.fabricmc.installer.ServerLauncher.main(ServerLauncher.java:69)
[03:20:33] [main/DEBUG] [REI] ========================================
[03:20:33] [main/DEBUG] [REI] REIPlugin starting pre-reload for START.
[03:20:33] [main/DEBUG] [REI] Reloadables (7):
[03:20:33] [main/DEBUG] [REI]  - EntryTypeRegistryImpl
[03:20:33] [main/DEBUG] [REI]  - EntrySettingsAdapterRegistryImpl
[03:20:33] [main/DEBUG] [REI]  - RecipeManagerContextImpl
[03:20:33] [main/DEBUG] [REI]  - ItemComparatorRegistryImpl
[03:20:33] [main/DEBUG] [REI]  - FluidComparatorRegistryImpl
[03:20:33] [main/DEBUG] [REI]  - DisplaySerializerRegistryImpl
[03:20:33] [main/DEBUG] [REI]  - FluidSupportProviderImpl
[03:20:33] [main/DEBUG] [REI] Plugins (3):
[03:20:33] [main/DEBUG] [REI]  - (-100.00) DefaultPlugin of DefaultPlugin [roughlyenoughitems]
[03:20:33] [main/DEBUG] [REI]  - (0.00) FabricFluidAPISupportPlugin
[03:20:33] [main/DEBUG] [REI]  - (0.00) DefaultRuntimePlugin of DefaultRuntimePlugin [roughlyenoughitems]
[03:20:33] [main/DEBUG] [REI] ========================================
[03:20:33] [main/TRACE] [REI] [REIPlugin START] Reloading Section: "pre-register/"
[03:20:33] [main/TRACE] [REI] [REIPlugin START] Reloading Section: "pre-register/DefaultPlugin of DefaultPlugin [roughlyenoughitems]/"
[03:20:33] [main/TRACE] [REI] [REIPlugin START] Reloading Section: "pre-register/DefaultPlugin of DefaultPlugin [roughlyenoughitems]/" done in 1.013 ms
[03:20:33] [main/TRACE] [REI] [REIPlugin START] Reloading Section: "pre-register/FabricFluidAPISupportPlugin/"
[03:20:33] [main/TRACE] [REI] [REIPlugin START] Reloading Section: "pre-register/FabricFluidAPISupportPlugin/" done in 83.63 μs
[03:20:33] [main/TRACE] [REI] [REIPlugin START] Reloading Section: "pre-register/DefaultRuntimePlugin of DefaultRuntimePlugin [roughlyenoughitems]/"
[03:20:33] [main/TRACE] [REI] [REIPlugin START] Reloading Section: "pre-register/DefaultRuntimePlugin of DefaultRuntimePlugin [roughlyenoughitems]/" done in 62.64 μs
[03:20:33] [main/TRACE] [REI] [REIPlugin START] Reloading Section: "pre-register/" done in 9.190 ms
[03:20:33] [main/TRACE] [REI] [REIPlugin START] Reloading Section: "pre-stage/"
[03:20:33] [main/TRACE] [REI] [REIPlugin START] Reloading Section: "pre-stage/EntryTypeRegistryImpl/"
[03:20:33] [main/TRACE] [REI] [REIPlugin START] Reloading Section: "pre-stage/EntryTypeRegistryImpl/" done in 232.0 μs
[03:20:33] [main/TRACE] [REI] [REIPlugin START] Reloading Section: "pre-stage/EntrySettingsAdapterRegistryImpl/"
[03:20:33] [main/TRACE] [REI] [REIPlugin START] Reloading Section: "pre-stage/EntrySettingsAdapterRegistryImpl/" done in 66.76 μs
[03:20:33] [main/TRACE] [REI] [REIPlugin START] Reloading Section: "pre-stage/RecipeManagerContextImpl/"
[03:20:33] [main/TRACE] [REI] [REIPlugin START] Reloading Section: "pre-stage/RecipeManagerContextImpl/" done in 51.53 μs
[03:20:33] [main/TRACE] [REI] [REIPlugin START] Reloading Section: "pre-stage/ItemComparatorRegistryImpl/"
[03:20:33] [main/TRACE] [REI] [REIPlugin START] Reloading Section: "pre-stage/ItemComparatorRegistryImpl/" done in 48.72 μs
[03:20:33] [main/TRACE] [REI] [REIPlugin START] Reloading Section: "pre-stage/FluidComparatorRegistryImpl/"
[03:20:33] [main/TRACE] [REI] [REIPlugin START] Reloading Section: "pre-stage/FluidComparatorRegistryImpl/" done in 45.07 μs
[03:20:33] [main/TRACE] [REI] [REIPlugin START] Reloading Section: "pre-stage/DisplaySerializerRegistryImpl/"
[03:20:33] [main/TRACE] [REI] [REIPlugin START] Reloading Section: "pre-stage/DisplaySerializerRegistryImpl/" done in 53.14 μs
[03:20:33] [main/TRACE] [REI] [REIPlugin START] Reloading Section: "pre-stage/FluidSupportProviderImpl/"
[03:20:33] [main/TRACE] [REI] [REIPlugin START] Reloading Section: "pre-stage/FluidSupportProviderImpl/" done in 44.85 μs
[03:20:33] [main/TRACE] [REI] [REIPlugin START] Reloading Section: "pre-stage/" done in 1.465 ms
[03:20:33] [main/DEBUG] [REI] ========================================
[03:20:33] [main/DEBUG] [REI] REIPlugin finished pre-reload for START in 11.19 ms.
[03:20:33] [main/DEBUG] [REI] ========================================
[03:20:33] [main/DEBUG] [REI] ========================================
[03:20:33] [main/DEBUG] [REI] REIServerPlugin starting pre-reload for START.
[03:20:33] [main/DEBUG] [REI] Reloadables (2):
[03:20:33] [main/DEBUG] [REI]  - MenuInfoRegistryImpl
[03:20:33] [main/DEBUG] [REI]  - SlotAccessorRegistryImpl
[03:20:33] [main/DEBUG] [REI] Plugins (3):
[03:20:33] [main/DEBUG] [REI]  - (-100.00) DefaultPlugin of DefaultPlugin [roughlyenoughitems]
[03:20:33] [main/DEBUG] [REI]  - (0.00) FabricFluidAPISupportPlugin
[03:20:33] [main/DEBUG] [REI]  - (0.00) DefaultRuntimePlugin of DefaultRuntimePlugin [roughlyenoughitems]
[03:20:33] [main/DEBUG] [REI] ========================================
[03:20:33] [main/TRACE] [REI] [REIServerPlugin START] Reloading Section: "pre-register/"
[03:20:33] [main/TRACE] [REI] [REIServerPlugin START] Reloading Section: "pre-register/DefaultPlugin of DefaultPlugin [roughlyenoughitems]/"
[03:20:33] [main/TRACE] [REI] [REIServerPlugin START] Reloading Section: "pre-register/DefaultPlugin of DefaultPlugin [roughlyenoughitems]/" done in 66.47 μs
[03:20:33] [main/TRACE] [REI] [REIServerPlugin START] Reloading Section: "pre-register/FabricFluidAPISupportPlugin/"
[03:20:33] [main/TRACE] [REI] [REIServerPlugin START] Reloading Section: "pre-register/FabricFluidAPISupportPlugin/" done in 54.84 μs
[03:20:33] [main/TRACE] [REI] [REIServerPlugin START] Reloading Section: "pre-register/DefaultRuntimePlugin of DefaultRuntimePlugin [roughlyenoughitems]/"
[03:20:33] [main/TRACE] [REI] [REIServerPlugin START] Reloading Section: "pre-register/DefaultRuntimePlugin of DefaultRuntimePlugin [roughlyenoughitems]/" done in 50.75 μs
[03:20:33] [main/TRACE] [REI] [REIServerPlugin START] Reloading Section: "pre-register/" done in 521.6 μs
[03:20:33] [main/TRACE] [REI] [REIServerPlugin START] Reloading Section: "pre-stage/"
[03:20:33] [main/TRACE] [REI] [REIServerPlugin START] Reloading Section: "pre-stage/MenuInfoRegistryImpl/"
[03:20:33] [main/TRACE] [REI] [REIServerPlugin START] Reloading Section: "pre-stage/MenuInfoRegistryImpl/" done in 32.85 μs
[03:20:33] [main/TRACE] [REI] [REIServerPlugin START] Reloading Section: "pre-stage/SlotAccessorRegistryImpl/"
[03:20:33] [main/TRACE] [REI] [REIServerPlugin START] Reloading Section: "pre-stage/SlotAccessorRegistryImpl/" done in 44.60 μs
[03:20:33] [main/TRACE] [REI] [REIServerPlugin START] Reloading Section: "pre-stage/" done in 292.7 μs
[03:20:33] [main/DEBUG] [REI] ========================================
[03:20:33] [main/DEBUG] [REI] REIServerPlugin finished pre-reload for START in 1.019 ms.
[03:20:33] [main/DEBUG] [REI] ========================================
[03:20:33] [main/INFO] [REI] ########################################
[03:20:33] [main/INFO] [REI] REIPlugin starting main-reload for START.
[03:20:33] [main/DEBUG] [REI] Reloadables (7):
[03:20:33] [main/DEBUG] [REI]  - EntryTypeRegistryImpl
[03:20:33] [main/DEBUG] [REI]  - EntrySettingsAdapterRegistryImpl
[03:20:33] [main/DEBUG] [REI]  - RecipeManagerContextImpl
[03:20:33] [main/DEBUG] [REI]  - ItemComparatorRegistryImpl
[03:20:33] [main/DEBUG] [REI]  - FluidComparatorRegistryImpl
[03:20:33] [main/DEBUG] [REI]  - DisplaySerializerRegistryImpl
[03:20:33] [main/DEBUG] [REI]  - FluidSupportProviderImpl
[03:20:33] [main/INFO] [REI] Plugins (3):
[03:20:33] [main/INFO] [REI]  - (-100.00) DefaultPlugin of DefaultPlugin [roughlyenoughitems]
[03:20:33] [main/INFO] [REI]  - (0.00) FabricFluidAPISupportPlugin
[03:20:33] [main/INFO] [REI]  - (0.00) DefaultRuntimePlugin of DefaultRuntimePlugin [roughlyenoughitems]
[03:20:33] [main/INFO] [REI] ########################################
[03:20:33] [main/TRACE] [REI] [REIPlugin START] Reloading Section: "start-reload/"
[03:20:33] [main/TRACE] [REI] [REIPlugin START] Reloading Section: "start-reload/EntryTypeRegistryImpl/"
[03:20:33] [main/TRACE] [REI] [REIPlugin START] Reloading Section: "start-reload/EntryTypeRegistryImpl/" done in 90.40 μs
[03:20:33] [main/TRACE] [REI] [REIPlugin START] Reloading Section: "start-reload/EntrySettingsAdapterRegistryImpl/"
[03:20:33] [main/TRACE] [REI] [REIPlugin START] Reloading Section: "start-reload/EntrySettingsAdapterRegistryImpl/" done in 51.69 μs
[03:20:33] [main/TRACE] [REI] [REIPlugin START] Reloading Section: "start-reload/RecipeManagerContextImpl/"
[03:20:33] [main/TRACE] [REI] [REIPlugin START] Reloading Section: "start-reload/RecipeManagerContextImpl/" done in 45.42 μs
[03:20:33] [main/TRACE] [REI] [REIPlugin START] Reloading Section: "start-reload/ItemComparatorRegistryImpl/"
[03:20:33] [main/TRACE] [REI] [REIPlugin START] Reloading Section: "start-reload/ItemComparatorRegistryImpl/" done in 73.73 μs
[03:20:33] [main/TRACE] [REI] [REIPlugin START] Reloading Section: "start-reload/FluidComparatorRegistryImpl/"
[03:20:33] [main/TRACE] [REI] [REIPlugin START] Reloading Section: "start-reload/FluidComparatorRegistryImpl/" done in 53.12 μs
[03:20:33] [main/TRACE] [REI] [REIPlugin START] Reloading Section: "start-reload/DisplaySerializerRegistryImpl/"
[03:20:33] [main/TRACE] [REI] [REIPlugin START] Reloading Section: "start-reload/DisplaySerializerRegistryImpl/" done in 46.98 μs
[03:20:33] [main/TRACE] [REI] [REIPlugin START] Reloading Section: "start-reload/FluidSupportProviderImpl/"
[03:20:33] [main/TRACE] [REI] [REIPlugin START] Reloading Section: "start-reload/FluidSupportProviderImpl/" done in 61.55 μs
[03:20:33] [main/TRACE] [REI] [REIPlugin START] Reloading Section: "start-reload/" done in 1.352 ms
[03:20:33] [main/DEBUG] [REI] ========================================
[03:20:33] [main/DEBUG] [REI] REIPlugin started main-reload for START.
[03:20:33] [main/DEBUG] [REI] ========================================
[03:20:33] [main/TRACE] [REI] [REIPlugin START] Reloading Section: "reloadable-plugin/EntryTypeRegistryImpl/"
[03:20:33] [main/TRACE] [REI] [REIPlugin START] Reloading Section: "reloadable-plugin/EntryTypeRegistryImpl/DefaultPlugin of DefaultPlugin [roughlyenoughitems]/"
[03:20:33] [main/TRACE] [REI] [REIPlugin START] Reloading Section: "reloadable-plugin/EntryTypeRegistryImpl/DefaultPlugin of DefaultPlugin [roughlyenoughitems]/" done in 298.8 μs
[03:20:33] [main/TRACE] [REI] [REIPlugin START] Reloading Section: "reloadable-plugin/EntryTypeRegistryImpl/FabricFluidAPISupportPlugin/"
[03:20:33] [main/TRACE] [REI] [REIPlugin START] Reloading Section: "reloadable-plugin/EntryTypeRegistryImpl/FabricFluidAPISupportPlugin/" done in 68.83 μs
[03:20:33] [main/TRACE] [REI] [REIPlugin START] Reloading Section: "reloadable-plugin/EntryTypeRegistryImpl/DefaultRuntimePlugin of DefaultRuntimePlugin [roughlyenoughitems]/"
[03:20:33] [main/TRACE] [REI] [REIPlugin START] Reloading Section: "reloadable-plugin/EntryTypeRegistryImpl/DefaultRuntimePlugin of DefaultRuntimePlugin [roughlyenoughitems]/" done in 5.378 ms
[03:20:33] [main/TRACE] [REI] [REIPlugin START] Reloading Section: "reloadable-plugin/EntryTypeRegistryImpl/" done in 6.761 ms
[03:20:33] [main/TRACE] [REI] [REIPlugin START] Reloading Section: "reloadable-plugin/EntrySettingsAdapterRegistryImpl/"
[03:20:33] [main/TRACE] [REI] [REIPlugin START] Reloading Section: "reloadable-plugin/EntrySettingsAdapterRegistryImpl/DefaultPlugin of DefaultPlugin [roughlyenoughitems]/"
[03:20:33] [main/TRACE] [REI] [REIPlugin START] Reloading Section: "reloadable-plugin/EntrySettingsAdapterRegistryImpl/DefaultPlugin of DefaultPlugin [roughlyenoughitems]/" done in 55.71 μs
[03:20:33] [main/TRACE] [REI] [REIPlugin START] Reloading Section: "reloadable-plugin/EntrySettingsAdapterRegistryImpl/FabricFluidAPISupportPlugin/"
[03:20:33] [main/TRACE] [REI] [REIPlugin START] Reloading Section: "reloadable-plugin/EntrySettingsAdapterRegistryImpl/FabricFluidAPISupportPlugin/" done in 55.36 μs
[03:20:33] [main/TRACE] [REI] [REIPlugin START] Reloading Section: "reloadable-plugin/EntrySettingsAdapterRegistryImpl/DefaultRuntimePlugin of DefaultRuntimePlugin [roughlyenoughitems]/"
[03:20:33] [main/TRACE] [REI] [REIPlugin START] Reloading Section: "reloadable-plugin/EntrySettingsAdapterRegistryImpl/DefaultRuntimePlugin of DefaultRuntimePlugin [roughlyenoughitems]/" done in 48.56 μs
[03:20:33] [main/TRACE] [REI] [REIPlugin START] Reloading Section: "reloadable-plugin/EntrySettingsAdapterRegistryImpl/" done in 567.5 μs
[03:20:33] [main/TRACE] [REI] [REIPlugin START] Reloading Section: "reloadable-plugin/RecipeManagerContextImpl/"
[03:20:33] [main/TRACE] [REI] [REIPlugin START] Reloading Section: "reloadable-plugin/RecipeManagerContextImpl/DefaultPlugin of DefaultPlugin [roughlyenoughitems]/"
[03:20:33] [main/TRACE] [REI] [REIPlugin START] Reloading Section: "reloadable-plugin/RecipeManagerContextImpl/DefaultPlugin of DefaultPlugin [roughlyenoughitems]/" done in 56.30 μs
[03:20:33] [main/TRACE] [REI] [REIPlugin START] Reloading Section: "reloadable-plugin/RecipeManagerContextImpl/FabricFluidAPISupportPlugin/"
[03:20:33] [main/TRACE] [REI] [REIPlugin START] Reloading Section: "reloadable-plugin/RecipeManagerContextImpl/FabricFluidAPISupportPlugin/" done in 47.11 μs
[03:20:33] [main/TRACE] [REI] [REIPlugin START] Reloading Section: "reloadable-plugin/RecipeManagerContextImpl/DefaultRuntimePlugin of DefaultRuntimePlugin [roughlyenoughitems]/"
[03:20:33] [main/TRACE] [REI] [REIPlugin START] Reloading Section: "reloadable-plugin/RecipeManagerContextImpl/DefaultRuntimePlugin of DefaultRuntimePlugin [roughlyenoughitems]/" done in 45.92 μs
[03:20:33] [main/TRACE] [REI] [REIPlugin START] Reloading Section: "reloadable-plugin/RecipeManagerContextImpl/" done in 489.2 μs
[03:20:33] [main/TRACE] [REI] [REIPlugin START] Reloading Section: "reloadable-plugin/ItemComparatorRegistryImpl/"
[03:20:33] [main/TRACE] [REI] [REIPlugin START] Reloading Section: "reloadable-plugin/ItemComparatorRegistryImpl/DefaultPlugin of DefaultPlugin [roughlyenoughitems]/"
[03:20:33] [main/TRACE] [REI] [REIPlugin START] Reloading Section: "reloadable-plugin/ItemComparatorRegistryImpl/DefaultPlugin of DefaultPlugin [roughlyenoughitems]/" done in 1.314 ms
[03:20:33] [main/TRACE] [REI] [REIPlugin START] Reloading Section: "reloadable-plugin/ItemComparatorRegistryImpl/FabricFluidAPISupportPlugin/"
[03:20:33] [main/TRACE] [REI] [REIPlugin START] Reloading Section: "reloadable-plugin/ItemComparatorRegistryImpl/FabricFluidAPISupportPlugin/" done in 57.64 μs
[03:20:33] [main/TRACE] [REI] [REIPlugin START] Reloading Section: "reloadable-plugin/ItemComparatorRegistryImpl/DefaultRuntimePlugin of DefaultRuntimePlugin [roughlyenoughitems]/"
[03:20:33] [main/TRACE] [REI] [REIPlugin START] Reloading Section: "reloadable-plugin/ItemComparatorRegistryImpl/DefaultRuntimePlugin of DefaultRuntimePlugin [roughlyenoughitems]/" done in 50.96 μs
[03:20:33] [main/TRACE] [REI] [REIPlugin START] Reloading Section: "reloadable-plugin/ItemComparatorRegistryImpl/" done in 1.830 ms
[03:20:33] [main/TRACE] [REI] [REIPlugin START] Reloading Section: "reloadable-plugin/FluidComparatorRegistryImpl/"
[03:20:33] [main/TRACE] [REI] [REIPlugin START] Reloading Section: "reloadable-plugin/FluidComparatorRegistryImpl/DefaultPlugin of DefaultPlugin [roughlyenoughitems]/"
[03:20:33] [main/TRACE] [REI] [REIPlugin START] Reloading Section: "reloadable-plugin/FluidComparatorRegistryImpl/DefaultPlugin of DefaultPlugin [roughlyenoughitems]/" done in 379.4 μs
[03:20:33] [main/TRACE] [REI] [REIPlugin START] Reloading Section: "reloadable-plugin/FluidComparatorRegistryImpl/FabricFluidAPISupportPlugin/"
[03:20:33] [main/TRACE] [REI] [REIPlugin START] Reloading Section: "reloadable-plugin/FluidComparatorRegistryImpl/FabricFluidAPISupportPlugin/" done in 115.4 μs
[03:20:33] [main/TRACE] [REI] [REIPlugin START] Reloading Section: "reloadable-plugin/FluidComparatorRegistryImpl/DefaultRuntimePlugin of DefaultRuntimePlugin [roughlyenoughitems]/"
[03:20:33] [main/TRACE] [REI] [REIPlugin START] Reloading Section: "reloadable-plugin/FluidComparatorRegistryImpl/DefaultRuntimePlugin of DefaultRuntimePlugin [roughlyenoughitems]/" done in 123.7 μs
[03:20:33] [main/TRACE] [REI] [REIPlugin START] Reloading Section: "reloadable-plugin/FluidComparatorRegistryImpl/" done in 1.183 ms
[03:20:33] [main/TRACE] [REI] [REIPlugin START] Reloading Section: "reloadable-plugin/DisplaySerializerRegistryImpl/"
[03:20:33] [main/TRACE] [REI] [REIPlugin START] Reloading Section: "reloadable-plugin/DisplaySerializerRegistryImpl/DefaultPlugin of DefaultPlugin [roughlyenoughitems]/"
[03:20:33] [main/TRACE] [REI] [REIPlugin START] Reloading Section: "reloadable-plugin/DisplaySerializerRegistryImpl/DefaultPlugin of DefaultPlugin [roughlyenoughitems]/" done in 58.79 μs
[03:20:33] [main/TRACE] [REI] [REIPlugin START] Reloading Section: "reloadable-plugin/DisplaySerializerRegistryImpl/FabricFluidAPISupportPlugin/"
[03:20:33] [main/TRACE] [REI] [REIPlugin START] Reloading Section: "reloadable-plugin/DisplaySerializerRegistryImpl/FabricFluidAPISupportPlugin/" done in 59.62 μs
[03:20:33] [main/TRACE] [REI] [REIPlugin START] Reloading Section: "reloadable-plugin/DisplaySerializerRegistryImpl/DefaultRuntimePlugin of DefaultRuntimePlugin [roughlyenoughitems]/"
[03:20:33] [main/TRACE] [REI] [REIPlugin START] Reloading Section: "reloadable-plugin/DisplaySerializerRegistryImpl/DefaultRuntimePlugin of DefaultRuntimePlugin [roughlyenoughitems]/" done in 54.61 μs
[03:20:33] [main/TRACE] [REI] [REIPlugin START] Reloading Section: "reloadable-plugin/DisplaySerializerRegistryImpl/" done in 558.7 μs
[03:20:33] [main/TRACE] [REI] [REIPlugin START] Reloading Section: "reloadable-plugin/FluidSupportProviderImpl/"
[03:20:33] [main/TRACE] [REI] [REIPlugin START] Reloading Section: "reloadable-plugin/FluidSupportProviderImpl/DefaultPlugin of DefaultPlugin [roughlyenoughitems]/"
[03:20:33] [main/TRACE] [REI] [REIPlugin START] Reloading Section: "reloadable-plugin/FluidSupportProviderImpl/DefaultPlugin of DefaultPlugin [roughlyenoughitems]/" done in 618.2 μs
[03:20:33] [main/TRACE] [REI] [REIPlugin START] Reloading Section: "reloadable-plugin/FluidSupportProviderImpl/FabricFluidAPISupportPlugin/"
[03:20:33] [main/TRACE] [REI] [REIPlugin START] Reloading Section: "reloadable-plugin/FluidSupportProviderImpl/FabricFluidAPISupportPlugin/" done in 284.0 μs
[03:20:33] [main/TRACE] [REI] [REIPlugin START] Reloading Section: "reloadable-plugin/FluidSupportProviderImpl/DefaultRuntimePlugin of DefaultRuntimePlugin [roughlyenoughitems]/"
[03:20:33] [main/TRACE] [REI] [REIPlugin START] Reloading Section: "reloadable-plugin/FluidSupportProviderImpl/DefaultRuntimePlugin of DefaultRuntimePlugin [roughlyenoughitems]/" done in 165.1 μs
[03:20:33] [main/TRACE] [REI] [REIPlugin START] Reloading Section: "reloadable-plugin/FluidSupportProviderImpl/" done in 1.638 ms
[03:20:33] [main/DEBUG] [REI] ========================================
[03:20:33] [main/DEBUG] [REI] REIPlugin ending main-reload for START.
[03:20:33] [main/DEBUG] [REI] ========================================
[03:20:33] [main/TRACE] [REI] [REIPlugin START] Reloading Section: "end-reload/"
[03:20:33] [main/TRACE] [REI] [REIPlugin START] Reloading Section: "end-reload/EntryTypeRegistryImpl/"
[03:20:33] [main/TRACE] [REI] [REIPlugin START] Reloading Section: "end-reload/EntryTypeRegistryImpl/" done in 59.34 μs
[03:20:33] [main/TRACE] [REI] [REIPlugin START] Reloading Section: "end-reload/EntrySettingsAdapterRegistryImpl/"
[03:20:33] [main/TRACE] [REI] [REIPlugin START] Reloading Section: "end-reload/EntrySettingsAdapterRegistryImpl/" done in 38.06 μs
[03:20:33] [main/TRACE] [REI] [REIPlugin START] Reloading Section: "end-reload/RecipeManagerContextImpl/"
[03:20:33] [main/TRACE] [REI] [REIPlugin START] Reloading Section: "end-reload/RecipeManagerContextImpl/" done in 38.81 μs
[03:20:33] [main/TRACE] [REI] [REIPlugin START] Reloading Section: "end-reload/ItemComparatorRegistryImpl/"
[03:20:33] [main/TRACE] [REI] [REIPlugin START] Reloading Section: "end-reload/ItemComparatorRegistryImpl/" done in 34.47 μs
[03:20:33] [main/TRACE] [REI] [REIPlugin START] Reloading Section: "end-reload/FluidComparatorRegistryImpl/"
[03:20:33] [main/TRACE] [REI] [REIPlugin START] Reloading Section: "end-reload/FluidComparatorRegistryImpl/" done in 33.13 μs
[03:20:33] [main/TRACE] [REI] [REIPlugin START] Reloading Section: "end-reload/DisplaySerializerRegistryImpl/"
[03:20:33] [main/TRACE] [REI] [REIPlugin START] Reloading Section: "end-reload/DisplaySerializerRegistryImpl/" done in 32.10 μs
[03:20:33] [main/TRACE] [REI] [REIPlugin START] Reloading Section: "end-reload/FluidSupportProviderImpl/"
[03:20:33] [main/TRACE] [REI] [REIPlugin START] Reloading Section: "end-reload/FluidSupportProviderImpl/" done in 37.32 μs
[03:20:33] [main/TRACE] [REI] [REIPlugin START] Reloading Section: "end-reload/" done in 953.5 μs
[03:20:33] [main/DEBUG] [REI] ========================================
[03:20:33] [main/DEBUG] [REI] REIPlugin ended main-reload for START in 18.87 ms.
[03:20:33] [main/DEBUG] [REI] ========================================
[03:20:33] [main/INFO] [REI] @@@@@@@@@@@@@@@@@@@@@@@@@@@@@@@@@@@@@@@@
[03:20:33] [main/INFO] [REI] REIServerPlugin starting main-reload for START.
[03:20:33] [main/DEBUG] [REI] Reloadables (2):
[03:20:33] [main/DEBUG] [REI]  - MenuInfoRegistryImpl
[03:20:33] [main/DEBUG] [REI]  - SlotAccessorRegistryImpl
[03:20:33] [main/INFO] [REI] Plugins (3):
[03:20:33] [main/INFO] [REI]  - (-100.00) DefaultPlugin of DefaultPlugin [roughlyenoughitems]
[03:20:33] [main/INFO] [REI]  - (0.00) FabricFluidAPISupportPlugin
[03:20:33] [main/INFO] [REI]  - (0.00) DefaultRuntimePlugin of DefaultRuntimePlugin [roughlyenoughitems]
[03:20:33] [main/INFO] [REI] @@@@@@@@@@@@@@@@@@@@@@@@@@@@@@@@@@@@@@@@
[03:20:33] [main/TRACE] [REI] [REIServerPlugin START] Reloading Section: "start-reload/"
[03:20:33] [main/TRACE] [REI] [REIServerPlugin START] Reloading Section: "start-reload/MenuInfoRegistryImpl/"
[03:20:33] [main/TRACE] [REI] [REIServerPlugin START] Reloading Section: "start-reload/MenuInfoRegistryImpl/" done in 59.65 μs
[03:20:33] [main/TRACE] [REI] [REIServerPlugin START] Reloading Section: "start-reload/SlotAccessorRegistryImpl/"
[03:20:33] [main/TRACE] [REI] [REIServerPlugin START] Reloading Section: "start-reload/SlotAccessorRegistryImpl/" done in 54.57 μs
[03:20:33] [main/TRACE] [REI] [REIServerPlugin START] Reloading Section: "start-reload/" done in 379.5 μs
[03:20:33] [main/DEBUG] [REI] ========================================
[03:20:33] [main/DEBUG] [REI] REIServerPlugin started main-reload for START.
[03:20:33] [main/DEBUG] [REI] ========================================
[03:20:33] [main/TRACE] [REI] [REIServerPlugin START] Reloading Section: "reloadable-plugin/MenuInfoRegistryImpl/"
[03:20:33] [main/TRACE] [REI] [REIServerPlugin START] Reloading Section: "reloadable-plugin/MenuInfoRegistryImpl/DefaultPlugin of DefaultPlugin [roughlyenoughitems]/"
[03:20:33] [main/TRACE] [REI] [REIServerPlugin START] Reloading Section: "reloadable-plugin/MenuInfoRegistryImpl/DefaultPlugin of DefaultPlugin [roughlyenoughitems]/" done in 84.56 μs
[03:20:33] [main/TRACE] [REI] [REIServerPlugin START] Reloading Section: "reloadable-plugin/MenuInfoRegistryImpl/FabricFluidAPISupportPlugin/"
[03:20:33] [main/TRACE] [REI] [REIServerPlugin START] Reloading Section: "reloadable-plugin/MenuInfoRegistryImpl/FabricFluidAPISupportPlugin/" done in 80.96 μs
[03:20:33] [main/TRACE] [REI] [REIServerPlugin START] Reloading Section: "reloadable-plugin/MenuInfoRegistryImpl/DefaultRuntimePlugin of DefaultRuntimePlugin [roughlyenoughitems]/"
[03:20:33] [main/TRACE] [REI] [REIServerPlugin START] Reloading Section: "reloadable-plugin/MenuInfoRegistryImpl/DefaultRuntimePlugin of DefaultRuntimePlugin [roughlyenoughitems]/" done in 65.41 μs
[03:20:33] [main/TRACE] [REI] [REIServerPlugin START] Reloading Section: "reloadable-plugin/MenuInfoRegistryImpl/" done in 825.6 μs
[03:20:33] [main/TRACE] [REI] [REIServerPlugin START] Reloading Section: "reloadable-plugin/SlotAccessorRegistryImpl/"
[03:20:33] [main/TRACE] [REI] [REIServerPlugin START] Reloading Section: "reloadable-plugin/SlotAccessorRegistryImpl/DefaultPlugin of DefaultPlugin [roughlyenoughitems]/"
[03:20:33] [main/TRACE] [REI] [REIServerPlugin START] Reloading Section: "reloadable-plugin/SlotAccessorRegistryImpl/DefaultPlugin of DefaultPlugin [roughlyenoughitems]/" done in 57.10 μs
[03:20:33] [main/TRACE] [REI] [REIServerPlugin START] Reloading Section: "reloadable-plugin/SlotAccessorRegistryImpl/FabricFluidAPISupportPlugin/"
[03:20:33] [main/TRACE] [REI] [REIServerPlugin START] Reloading Section: "reloadable-plugin/SlotAccessorRegistryImpl/FabricFluidAPISupportPlugin/" done in 58.27 μs
[03:20:33] [main/TRACE] [REI] [REIServerPlugin START] Reloading Section: "reloadable-plugin/SlotAccessorRegistryImpl/DefaultRuntimePlugin of DefaultRuntimePlugin [roughlyenoughitems]/"
[03:20:33] [main/TRACE] [REI] [REIServerPlugin START] Reloading Section: "reloadable-plugin/SlotAccessorRegistryImpl/DefaultRuntimePlugin of DefaultRuntimePlugin [roughlyenoughitems]/" done in 60.68 μs
[03:20:33] [main/TRACE] [REI] [REIServerPlugin START] Reloading Section: "reloadable-plugin/SlotAccessorRegistryImpl/" done in 643.5 μs
[03:20:33] [main/DEBUG] [REI] ========================================
[03:20:33] [main/DEBUG] [REI] REIServerPlugin ending main-reload for START.
[03:20:33] [main/DEBUG] [REI] ========================================
[03:20:33] [main/TRACE] [REI] [REIServerPlugin START] Reloading Section: "end-reload/"
[03:20:33] [main/TRACE] [REI] [REIServerPlugin START] Reloading Section: "end-reload/MenuInfoRegistryImpl/"
[03:20:33] [main/TRACE] [REI] [REIServerPlugin START] Reloading Section: "end-reload/MenuInfoRegistryImpl/" done in 57.05 μs
[03:20:33] [main/TRACE] [REI] [REIServerPlugin START] Reloading Section: "end-reload/SlotAccessorRegistryImpl/"
[03:20:33] [main/TRACE] [REI] [REIServerPlugin START] Reloading Section: "end-reload/SlotAccessorRegistryImpl/" done in 67.07 μs
[03:20:33] [main/TRACE] [REI] [REIServerPlugin START] Reloading Section: "end-reload/" done in 394.0 μs
[03:20:33] [main/DEBUG] [REI] ========================================
[03:20:33] [main/DEBUG] [REI] REIServerPlugin ended main-reload for START in 4.279 ms.
[03:20:33] [main/DEBUG] [REI] ========================================
[03:20:33] [main/DEBUG] [REI] ========================================
[03:20:33] [main/DEBUG] [REI] REIPlugin starting post-reload for START.
[03:20:33] [main/DEBUG] [REI] Reloadables (7):
[03:20:33] [main/DEBUG] [REI]  - EntryTypeRegistryImpl
[03:20:33] [main/DEBUG] [REI]  - EntrySettingsAdapterRegistryImpl
[03:20:33] [main/DEBUG] [REI]  - RecipeManagerContextImpl
[03:20:33] [main/DEBUG] [REI]  - ItemComparatorRegistryImpl
[03:20:33] [main/DEBUG] [REI]  - FluidComparatorRegistryImpl
[03:20:33] [main/DEBUG] [REI]  - DisplaySerializerRegistryImpl
[03:20:33] [main/DEBUG] [REI]  - FluidSupportProviderImpl
[03:20:33] [main/DEBUG] [REI] Plugins (3):
[03:20:33] [main/DEBUG] [REI]  - (-100.00) DefaultPlugin of DefaultPlugin [roughlyenoughitems]
[03:20:33] [main/DEBUG] [REI]  - (0.00) FabricFluidAPISupportPlugin
[03:20:33] [main/DEBUG] [REI]  - (0.00) DefaultRuntimePlugin of DefaultRuntimePlugin [roughlyenoughitems]
[03:20:33] [main/DEBUG] [REI] ========================================
[03:20:33] [main/TRACE] [REI] [REIPlugin START] Reloading Section: "post-register/"
[03:20:33] [main/TRACE] [REI] [REIPlugin START] Reloading Section: "post-register/DefaultPlugin of DefaultPlugin [roughlyenoughitems]/"
[03:20:33] [main/TRACE] [REI] [REIPlugin START] Reloading Section: "post-register/DefaultPlugin of DefaultPlugin [roughlyenoughitems]/" done in 305.1 μs
[03:20:33] [main/TRACE] [REI] [REIPlugin START] Reloading Section: "post-register/FabricFluidAPISupportPlugin/"
[03:20:33] [main/TRACE] [REI] [REIPlugin START] Reloading Section: "post-register/FabricFluidAPISupportPlugin/" done in 51.50 μs
[03:20:33] [main/TRACE] [REI] [REIPlugin START] Reloading Section: "post-register/DefaultRuntimePlugin of DefaultRuntimePlugin [roughlyenoughitems]/"
[03:20:33] [main/TRACE] [REI] [REIPlugin START] Reloading Section: "post-register/DefaultRuntimePlugin of DefaultRuntimePlugin [roughlyenoughitems]/" done in 49.34 μs
[03:20:33] [main/TRACE] [REI] [REIPlugin START] Reloading Section: "post-register/" done in 1.066 ms
[03:20:33] [main/TRACE] [REI] [REIPlugin START] Reloading Section: "post-stage/"
[03:20:33] [main/TRACE] [REI] [REIPlugin START] Reloading Section: "post-stage/EntryTypeRegistryImpl/"
[03:20:33] [main/TRACE] [REI] [REIPlugin START] Reloading Section: "post-stage/EntryTypeRegistryImpl/" done in 60.50 μs
[03:20:33] [main/TRACE] [REI] [REIPlugin START] Reloading Section: "post-stage/EntrySettingsAdapterRegistryImpl/"
[03:20:33] [main/TRACE] [REI] [REIPlugin START] Reloading Section: "post-stage/EntrySettingsAdapterRegistryImpl/" done in 40.79 μs
[03:20:33] [main/TRACE] [REI] [REIPlugin START] Reloading Section: "post-stage/RecipeManagerContextImpl/"
[03:20:33] [main/TRACE] [REI] [REIPlugin START] Reloading Section: "post-stage/RecipeManagerContextImpl/" done in 39.32 μs
[03:20:33] [main/TRACE] [REI] [REIPlugin START] Reloading Section: "post-stage/ItemComparatorRegistryImpl/"
[03:20:33] [main/TRACE] [REI] [REIPlugin START] Reloading Section: "post-stage/ItemComparatorRegistryImpl/" done in 41.11 μs
[03:20:33] [main/TRACE] [REI] [REIPlugin START] Reloading Section: "post-stage/FluidComparatorRegistryImpl/"
[03:20:33] [main/TRACE] [REI] [REIPlugin START] Reloading Section: "post-stage/FluidComparatorRegistryImpl/" done in 40.09 μs
[03:20:33] [main/TRACE] [REI] [REIPlugin START] Reloading Section: "post-stage/DisplaySerializerRegistryImpl/"
[03:20:33] [main/TRACE] [REI] [REIPlugin START] Reloading Section: "post-stage/DisplaySerializerRegistryImpl/" done in 37.42 μs
[03:20:33] [main/TRACE] [REI] [REIPlugin START] Reloading Section: "post-stage/FluidSupportProviderImpl/"
[03:20:33] [main/TRACE] [REI] [REIPlugin START] Reloading Section: "post-stage/FluidSupportProviderImpl/" done in 41.17 μs
[03:20:33] [main/TRACE] [REI] [REIPlugin START] Reloading Section: "post-stage/" done in 1.179 ms
[03:20:33] [main/DEBUG] [REI] ========================================
[03:20:33] [main/INFO] [REI] REIPlugin finished post-reload for START in 2.591 ms, totaling 32.62 ms.
[03:20:33] [main/DEBUG] [REI] ========================================
[03:20:33] [main/DEBUG] [REI] ========================================
[03:20:33] [main/DEBUG] [REI] REIServerPlugin starting post-reload for START.
[03:20:33] [main/DEBUG] [REI] Reloadables (2):
[03:20:33] [main/DEBUG] [REI]  - MenuInfoRegistryImpl
[03:20:33] [main/DEBUG] [REI]  - SlotAccessorRegistryImpl
[03:20:33] [main/DEBUG] [REI] Plugins (3):
[03:20:33] [main/DEBUG] [REI]  - (-100.00) DefaultPlugin of DefaultPlugin [roughlyenoughitems]
[03:20:33] [main/DEBUG] [REI]  - (0.00) FabricFluidAPISupportPlugin
[03:20:33] [main/DEBUG] [REI]  - (0.00) DefaultRuntimePlugin of DefaultRuntimePlugin [roughlyenoughitems]
[03:20:33] [main/DEBUG] [REI] ========================================
[03:20:33] [main/TRACE] [REI] [REIServerPlugin START] Reloading Section: "post-register/"
[03:20:33] [main/TRACE] [REI] [REIServerPlugin START] Reloading Section: "post-register/DefaultPlugin of DefaultPlugin [roughlyenoughitems]/"
[03:20:33] [main/TRACE] [REI] [REIServerPlugin START] Reloading Section: "post-register/DefaultPlugin of DefaultPlugin [roughlyenoughitems]/" done in 36.39 μs
[03:20:33] [main/TRACE] [REI] [REIServerPlugin START] Reloading Section: "post-register/FabricFluidAPISupportPlugin/"
[03:20:33] [main/TRACE] [REI] [REIServerPlugin START] Reloading Section: "post-register/FabricFluidAPISupportPlugin/" done in 34.04 μs
[03:20:33] [main/TRACE] [REI] [REIServerPlugin START] Reloading Section: "post-register/DefaultRuntimePlugin of DefaultRuntimePlugin [roughlyenoughitems]/"
[03:20:33] [main/TRACE] [REI] [REIServerPlugin START] Reloading Section: "post-register/DefaultRuntimePlugin of DefaultRuntimePlugin [roughlyenoughitems]/" done in 35.20 μs
[03:20:33] [main/TRACE] [REI] [REIServerPlugin START] Reloading Section: "post-register/" done in 416.4 μs
[03:20:33] [main/TRACE] [REI] [REIServerPlugin START] Reloading Section: "post-stage/"
[03:20:33] [main/TRACE] [REI] [REIServerPlugin START] Reloading Section: "post-stage/MenuInfoRegistryImpl/"
[03:20:33] [main/TRACE] [REI] [REIServerPlugin START] Reloading Section: "post-stage/MenuInfoRegistryImpl/" done in 52.03 μs
[03:20:33] [main/TRACE] [REI] [REIServerPlugin START] Reloading Section: "post-stage/SlotAccessorRegistryImpl/"
[03:20:33] [main/TRACE] [REI] [REIServerPlugin START] Reloading Section: "post-stage/SlotAccessorRegistryImpl/" done in 58.65 μs
[03:20:33] [main/TRACE] [REI] [REIServerPlugin START] Reloading Section: "post-stage/" done in 336.2 μs
[03:20:33] [main/DEBUG] [REI] ========================================
[03:20:33] [main/INFO] [REI] REIServerPlugin finished post-reload for START in 914.4 μs, totaling 6.164 ms.
[03:20:33] [main/DEBUG] [REI] ========================================
[03:20:33] [main/DEBUG] [REI] ========================================
[03:20:33] [main/DEBUG] [REI] REIPlugin starting pre-reload for END.
[03:20:33] [main/DEBUG] [REI] Reloadables (7):
[03:20:33] [main/DEBUG] [REI]  - EntryTypeRegistryImpl
[03:20:33] [main/DEBUG] [REI]  - EntrySettingsAdapterRegistryImpl
[03:20:33] [main/DEBUG] [REI]  - RecipeManagerContextImpl
[03:20:33] [main/DEBUG] [REI]  - ItemComparatorRegistryImpl
[03:20:33] [main/DEBUG] [REI]  - FluidComparatorRegistryImpl
[03:20:33] [main/DEBUG] [REI]  - DisplaySerializerRegistryImpl
[03:20:33] [main/DEBUG] [REI]  - FluidSupportProviderImpl
[03:20:33] [main/DEBUG] [REI] Plugins (3):
[03:20:33] [main/DEBUG] [REI]  - (-100.00) DefaultPlugin of DefaultPlugin [roughlyenoughitems]
[03:20:33] [main/DEBUG] [REI]  - (0.00) FabricFluidAPISupportPlugin
[03:20:33] [main/DEBUG] [REI]  - (0.00) DefaultRuntimePlugin of DefaultRuntimePlugin [roughlyenoughitems]
[03:20:33] [main/DEBUG] [REI] ========================================
[03:20:33] [main/TRACE] [REI] [REIPlugin END] Reloading Section: "pre-register/"
[03:20:33] [main/TRACE] [REI] [REIPlugin END] Reloading Section: "pre-register/DefaultPlugin of DefaultPlugin [roughlyenoughitems]/"
[03:20:33] [main/TRACE] [REI] [REIPlugin END] Reloading Section: "pre-register/DefaultPlugin of DefaultPlugin [roughlyenoughitems]/" done in 74.39 μs
[03:20:33] [main/TRACE] [REI] [REIPlugin END] Reloading Section: "pre-register/FabricFluidAPISupportPlugin/"
[03:20:33] [main/TRACE] [REI] [REIPlugin END] Reloading Section: "pre-register/FabricFluidAPISupportPlugin/" done in 59.25 μs
[03:20:33] [main/TRACE] [REI] [REIPlugin END] Reloading Section: "pre-register/DefaultRuntimePlugin of DefaultRuntimePlugin [roughlyenoughitems]/"
[03:20:33] [main/TRACE] [REI] [REIPlugin END] Reloading Section: "pre-register/DefaultRuntimePlugin of DefaultRuntimePlugin [roughlyenoughitems]/" done in 68.92 μs
[03:20:33] [main/TRACE] [REI] [REIPlugin END] Reloading Section: "pre-register/" done in 594.2 μs
[03:20:33] [main/TRACE] [REI] [REIPlugin END] Reloading Section: "pre-stage/"
[03:20:33] [main/TRACE] [REI] [REIPlugin END] Reloading Section: "pre-stage/EntryTypeRegistryImpl/"
[03:20:33] [main/TRACE] [REI] [REIPlugin END] Reloading Section: "pre-stage/EntryTypeRegistryImpl/" done in 98.38 μs
[03:20:33] [main/TRACE] [REI] [REIPlugin END] Reloading Section: "pre-stage/EntrySettingsAdapterRegistryImpl/"
[03:20:33] [main/TRACE] [REI] [REIPlugin END] Reloading Section: "pre-stage/EntrySettingsAdapterRegistryImpl/" done in 64.19 μs
[03:20:33] [main/TRACE] [REI] [REIPlugin END] Reloading Section: "pre-stage/RecipeManagerContextImpl/"
[03:20:33] [main/TRACE] [REI] [REIPlugin END] Reloading Section: "pre-stage/RecipeManagerContextImpl/" done in 50.03 μs
[03:20:33] [main/TRACE] [REI] [REIPlugin END] Reloading Section: "pre-stage/ItemComparatorRegistryImpl/"
[03:20:33] [main/TRACE] [REI] [REIPlugin END] Reloading Section: "pre-stage/ItemComparatorRegistryImpl/" done in 58.50 μs
[03:20:33] [main/TRACE] [REI] [REIPlugin END] Reloading Section: "pre-stage/FluidComparatorRegistryImpl/"
[03:20:33] [main/TRACE] [REI] [REIPlugin END] Reloading Section: "pre-stage/FluidComparatorRegistryImpl/" done in 52.14 μs
[03:20:33] [main/TRACE] [REI] [REIPlugin END] Reloading Section: "pre-stage/DisplaySerializerRegistryImpl/"
[03:20:33] [main/TRACE] [REI] [REIPlugin END] Reloading Section: "pre-stage/DisplaySerializerRegistryImpl/" done in 69.55 μs
[03:20:33] [main/TRACE] [REI] [REIPlugin END] Reloading Section: "pre-stage/FluidSupportProviderImpl/"
[03:20:33] [main/TRACE] [REI] [REIPlugin END] Reloading Section: "pre-stage/FluidSupportProviderImpl/" done in 50.80 μs
[03:20:33] [main/TRACE] [REI] [REIPlugin END] Reloading Section: "pre-stage/" done in 1.182 ms
[03:20:33] [main/DEBUG] [REI] ========================================
[03:20:33] [main/DEBUG] [REI] REIPlugin finished pre-reload for END in 1.966 ms.
[03:20:33] [main/DEBUG] [REI] ========================================
[03:20:33] [main/DEBUG] [REI] ========================================
[03:20:33] [main/DEBUG] [REI] REIServerPlugin starting pre-reload for END.
[03:20:33] [main/DEBUG] [REI] Reloadables (2):
[03:20:33] [main/DEBUG] [REI]  - MenuInfoRegistryImpl
[03:20:33] [main/DEBUG] [REI]  - SlotAccessorRegistryImpl
[03:20:33] [main/DEBUG] [REI] Plugins (3):
[03:20:33] [main/DEBUG] [REI]  - (-100.00) DefaultPlugin of DefaultPlugin [roughlyenoughitems]
[03:20:33] [main/DEBUG] [REI]  - (0.00) FabricFluidAPISupportPlugin
[03:20:33] [main/DEBUG] [REI]  - (0.00) DefaultRuntimePlugin of DefaultRuntimePlugin [roughlyenoughitems]
[03:20:33] [main/DEBUG] [REI] ========================================
[03:20:33] [main/TRACE] [REI] [REIServerPlugin END] Reloading Section: "pre-register/"
[03:20:33] [main/TRACE] [REI] [REIServerPlugin END] Reloading Section: "pre-register/DefaultPlugin of DefaultPlugin [roughlyenoughitems]/"
[03:20:33] [main/TRACE] [REI] [REIServerPlugin END] Reloading Section: "pre-register/DefaultPlugin of DefaultPlugin [roughlyenoughitems]/" done in 51.12 μs
[03:20:33] [main/TRACE] [REI] [REIServerPlugin END] Reloading Section: "pre-register/FabricFluidAPISupportPlugin/"
[03:20:33] [main/TRACE] [REI] [REIServerPlugin END] Reloading Section: "pre-register/FabricFluidAPISupportPlugin/" done in 49.22 μs
[03:20:33] [main/TRACE] [REI] [REIServerPlugin END] Reloading Section: "pre-register/DefaultRuntimePlugin of DefaultRuntimePlugin [roughlyenoughitems]/"
[03:20:33] [main/TRACE] [REI] [REIServerPlugin END] Reloading Section: "pre-register/DefaultRuntimePlugin of DefaultRuntimePlugin [roughlyenoughitems]/" done in 57.27 μs
[03:20:33] [main/TRACE] [REI] [REIServerPlugin END] Reloading Section: "pre-register/" done in 515.5 μs
[03:20:33] [main/TRACE] [REI] [REIServerPlugin END] Reloading Section: "pre-stage/"
[03:20:33] [main/TRACE] [REI] [REIServerPlugin END] Reloading Section: "pre-stage/MenuInfoRegistryImpl/"
[03:20:33] [main/TRACE] [REI] [REIServerPlugin END] Reloading Section: "pre-stage/MenuInfoRegistryImpl/" done in 55.61 μs
[03:20:33] [main/TRACE] [REI] [REIServerPlugin END] Reloading Section: "pre-stage/SlotAccessorRegistryImpl/"
[03:20:33] [main/TRACE] [REI] [REIServerPlugin END] Reloading Section: "pre-stage/SlotAccessorRegistryImpl/" done in 52.87 μs
[03:20:33] [main/TRACE] [REI] [REIServerPlugin END] Reloading Section: "pre-stage/" done in 336.0 μs
[03:20:33] [main/DEBUG] [REI] ========================================
[03:20:33] [main/DEBUG] [REI] REIServerPlugin finished pre-reload for END in 1.029 ms.
[03:20:33] [main/DEBUG] [REI] ========================================
[03:20:33] [main/INFO] [REI] @@@@@@@@@@@@@@@@@@@@@@@@@@@@@@@@@@@@@@@@
[03:20:33] [main/INFO] [REI] REIPlugin starting main-reload for END.
[03:20:33] [main/DEBUG] [REI] Reloadables (7):
[03:20:33] [main/DEBUG] [REI]  - EntryTypeRegistryImpl
[03:20:33] [main/DEBUG] [REI]  - EntrySettingsAdapterRegistryImpl
[03:20:33] [main/DEBUG] [REI]  - RecipeManagerContextImpl
[03:20:33] [main/DEBUG] [REI]  - ItemComparatorRegistryImpl
[03:20:33] [main/DEBUG] [REI]  - FluidComparatorRegistryImpl
[03:20:33] [main/DEBUG] [REI]  - DisplaySerializerRegistryImpl
[03:20:33] [main/DEBUG] [REI]  - FluidSupportProviderImpl
[03:20:33] [main/INFO] [REI] Plugins (3):
[03:20:33] [main/INFO] [REI]  - (-100.00) DefaultPlugin of DefaultPlugin [roughlyenoughitems]
[03:20:33] [main/INFO] [REI]  - (0.00) FabricFluidAPISupportPlugin
[03:20:33] [main/INFO] [REI]  - (0.00) DefaultRuntimePlugin of DefaultRuntimePlugin [roughlyenoughitems]
[03:20:33] [main/INFO] [REI] @@@@@@@@@@@@@@@@@@@@@@@@@@@@@@@@@@@@@@@@
[03:20:33] [main/TRACE] [REI] [REIPlugin END] Reloading Section: "start-reload/"
[03:20:33] [main/TRACE] [REI] [REIPlugin END] Reloading Section: "start-reload/EntryTypeRegistryImpl/"
[03:20:33] [main/TRACE] [REI] [REIPlugin END] Reloading Section: "start-reload/EntryTypeRegistryImpl/" done in 32.00 μs
[03:20:33] [main/TRACE] [REI] [REIPlugin END] Reloading Section: "start-reload/EntrySettingsAdapterRegistryImpl/"
[03:20:33] [main/TRACE] [REI] [REIPlugin END] Reloading Section: "start-reload/EntrySettingsAdapterRegistryImpl/" done in 45.71 μs
[03:20:33] [main/TRACE] [REI] [REIPlugin END] Reloading Section: "start-reload/RecipeManagerContextImpl/"
[03:20:33] [main/TRACE] [REI] [REIPlugin END] Reloading Section: "start-reload/RecipeManagerContextImpl/" done in 27.87 μs
[03:20:33] [main/TRACE] [REI] [REIPlugin END] Reloading Section: "start-reload/ItemComparatorRegistryImpl/"
[03:20:33] [main/TRACE] [REI] [REIPlugin END] Reloading Section: "start-reload/ItemComparatorRegistryImpl/" done in 30.63 μs
[03:20:33] [main/TRACE] [REI] [REIPlugin END] Reloading Section: "start-reload/FluidComparatorRegistryImpl/"
[03:20:33] [main/TRACE] [REI] [REIPlugin END] Reloading Section: "start-reload/FluidComparatorRegistryImpl/" done in 32.63 μs
[03:20:33] [main/TRACE] [REI] [REIPlugin END] Reloading Section: "start-reload/DisplaySerializerRegistryImpl/"
[03:20:33] [main/TRACE] [REI] [REIPlugin END] Reloading Section: "start-reload/DisplaySerializerRegistryImpl/" done in 39.02 μs
[03:20:33] [main/TRACE] [REI] [REIPlugin END] Reloading Section: "start-reload/FluidSupportProviderImpl/"
[03:20:33] [main/TRACE] [REI] [REIPlugin END] Reloading Section: "start-reload/FluidSupportProviderImpl/" done in 24.78 μs
[03:20:33] [main/TRACE] [REI] [REIPlugin END] Reloading Section: "start-reload/" done in 839.4 μs
[03:20:33] [main/DEBUG] [REI] ========================================
[03:20:33] [main/DEBUG] [REI] REIPlugin started main-reload for END.
[03:20:33] [main/DEBUG] [REI] ========================================
[03:20:33] [main/TRACE] [REI] [REIPlugin END] Reloading Section: "reloadable-plugin/EntryTypeRegistryImpl/"
[03:20:33] [main/TRACE] [REI] [REIPlugin END] Reloading Section: "reloadable-plugin/EntryTypeRegistryImpl/DefaultPlugin of DefaultPlugin [roughlyenoughitems]/"
[03:20:33] [main/TRACE] [REI] [REIPlugin END] Reloading Section: "reloadable-plugin/EntryTypeRegistryImpl/DefaultPlugin of DefaultPlugin [roughlyenoughitems]/" done in 51.95 μs
[03:20:33] [main/TRACE] [REI] [REIPlugin END] Reloading Section: "reloadable-plugin/EntryTypeRegistryImpl/FabricFluidAPISupportPlugin/"
[03:20:33] [main/TRACE] [REI] [REIPlugin END] Reloading Section: "reloadable-plugin/EntryTypeRegistryImpl/FabricFluidAPISupportPlugin/" done in 55.71 μs
[03:20:33] [main/TRACE] [REI] [REIPlugin END] Reloading Section: "reloadable-plugin/EntryTypeRegistryImpl/DefaultRuntimePlugin of DefaultRuntimePlugin [roughlyenoughitems]/"
[03:20:33] [main/TRACE] [REI] [REIPlugin END] Reloading Section: "reloadable-plugin/EntryTypeRegistryImpl/DefaultRuntimePlugin of DefaultRuntimePlugin [roughlyenoughitems]/" done in 81.32 μs
[03:20:33] [main/TRACE] [REI] [REIPlugin END] Reloading Section: "reloadable-plugin/EntryTypeRegistryImpl/" done in 581.9 μs
[03:20:33] [main/TRACE] [REI] [REIPlugin END] Reloading Section: "reloadable-plugin/EntrySettingsAdapterRegistryImpl/"
[03:20:33] [main/TRACE] [REI] [REIPlugin END] Reloading Section: "reloadable-plugin/EntrySettingsAdapterRegistryImpl/DefaultPlugin of DefaultPlugin [roughlyenoughitems]/"
[03:20:33] [main/TRACE] [REI] [REIPlugin END] Reloading Section: "reloadable-plugin/EntrySettingsAdapterRegistryImpl/DefaultPlugin of DefaultPlugin [roughlyenoughitems]/" done in 87.27 μs
[03:20:33] [main/TRACE] [REI] [REIPlugin END] Reloading Section: "reloadable-plugin/EntrySettingsAdapterRegistryImpl/FabricFluidAPISupportPlugin/"
[03:20:33] [main/TRACE] [REI] [REIPlugin END] Reloading Section: "reloadable-plugin/EntrySettingsAdapterRegistryImpl/FabricFluidAPISupportPlugin/" done in 49.36 μs
[03:20:33] [main/TRACE] [REI] [REIPlugin END] Reloading Section: "reloadable-plugin/EntrySettingsAdapterRegistryImpl/DefaultRuntimePlugin of DefaultRuntimePlugin [roughlyenoughitems]/"
[03:20:33] [main/TRACE] [REI] [REIPlugin END] Reloading Section: "reloadable-plugin/EntrySettingsAdapterRegistryImpl/DefaultRuntimePlugin of DefaultRuntimePlugin [roughlyenoughitems]/" done in 50.80 μs
[03:20:33] [main/TRACE] [REI] [REIPlugin END] Reloading Section: "reloadable-plugin/EntrySettingsAdapterRegistryImpl/" done in 544.8 μs
[03:20:33] [main/TRACE] [REI] [REIPlugin END] Reloading Section: "reloadable-plugin/RecipeManagerContextImpl/"
[03:20:33] [main/TRACE] [REI] [REIPlugin END] Reloading Section: "reloadable-plugin/RecipeManagerContextImpl/DefaultPlugin of DefaultPlugin [roughlyenoughitems]/"
[03:20:33] [main/TRACE] [REI] [REIPlugin END] Reloading Section: "reloadable-plugin/RecipeManagerContextImpl/DefaultPlugin of DefaultPlugin [roughlyenoughitems]/" done in 50.22 μs
[03:20:33] [main/TRACE] [REI] [REIPlugin END] Reloading Section: "reloadable-plugin/RecipeManagerContextImpl/FabricFluidAPISupportPlugin/"
[03:20:33] [main/TRACE] [REI] [REIPlugin END] Reloading Section: "reloadable-plugin/RecipeManagerContextImpl/FabricFluidAPISupportPlugin/" done in 59.59 μs
[03:20:33] [main/TRACE] [REI] [REIPlugin END] Reloading Section: "reloadable-plugin/RecipeManagerContextImpl/DefaultRuntimePlugin of DefaultRuntimePlugin [roughlyenoughitems]/"
[03:20:33] [main/TRACE] [REI] [REIPlugin END] Reloading Section: "reloadable-plugin/RecipeManagerContextImpl/DefaultRuntimePlugin of DefaultRuntimePlugin [roughlyenoughitems]/" done in 63.67 μs
[03:20:33] [main/TRACE] [REI] [REIPlugin END] Reloading Section: "reloadable-plugin/RecipeManagerContextImpl/" done in 573.4 μs
[03:20:33] [main/TRACE] [REI] [REIPlugin END] Reloading Section: "reloadable-plugin/ItemComparatorRegistryImpl/"
[03:20:33] [main/TRACE] [REI] [REIPlugin END] Reloading Section: "reloadable-plugin/ItemComparatorRegistryImpl/DefaultPlugin of DefaultPlugin [roughlyenoughitems]/"
[03:20:33] [main/TRACE] [REI] [REIPlugin END] Reloading Section: "reloadable-plugin/ItemComparatorRegistryImpl/DefaultPlugin of DefaultPlugin [roughlyenoughitems]/" done in 57.54 μs
[03:20:33] [main/TRACE] [REI] [REIPlugin END] Reloading Section: "reloadable-plugin/ItemComparatorRegistryImpl/FabricFluidAPISupportPlugin/"
[03:20:33] [main/TRACE] [REI] [REIPlugin END] Reloading Section: "reloadable-plugin/ItemComparatorRegistryImpl/FabricFluidAPISupportPlugin/" done in 49.36 μs
[03:20:33] [main/TRACE] [REI] [REIPlugin END] Reloading Section: "reloadable-plugin/ItemComparatorRegistryImpl/DefaultRuntimePlugin of DefaultRuntimePlugin [roughlyenoughitems]/"
[03:20:33] [main/TRACE] [REI] [REIPlugin END] Reloading Section: "reloadable-plugin/ItemComparatorRegistryImpl/DefaultRuntimePlugin of DefaultRuntimePlugin [roughlyenoughitems]/" done in 51.96 μs
[03:20:33] [main/TRACE] [REI] [REIPlugin END] Reloading Section: "reloadable-plugin/ItemComparatorRegistryImpl/" done in 523.2 μs
[03:20:33] [main/TRACE] [REI] [REIPlugin END] Reloading Section: "reloadable-plugin/FluidComparatorRegistryImpl/"
[03:20:33] [main/TRACE] [REI] [REIPlugin END] Reloading Section: "reloadable-plugin/FluidComparatorRegistryImpl/DefaultPlugin of DefaultPlugin [roughlyenoughitems]/"
[03:20:33] [main/TRACE] [REI] [REIPlugin END] Reloading Section: "reloadable-plugin/FluidComparatorRegistryImpl/DefaultPlugin of DefaultPlugin [roughlyenoughitems]/" done in 64.28 μs
[03:20:33] [main/TRACE] [REI] [REIPlugin END] Reloading Section: "reloadable-plugin/FluidComparatorRegistryImpl/FabricFluidAPISupportPlugin/"
[03:20:33] [main/TRACE] [REI] [REIPlugin END] Reloading Section: "reloadable-plugin/FluidComparatorRegistryImpl/FabricFluidAPISupportPlugin/" done in 60.72 μs
[03:20:33] [main/TRACE] [REI] [REIPlugin END] Reloading Section: "reloadable-plugin/FluidComparatorRegistryImpl/DefaultRuntimePlugin of DefaultRuntimePlugin [roughlyenoughitems]/"
[03:20:33] [main/TRACE] [REI] [REIPlugin END] Reloading Section: "reloadable-plugin/FluidComparatorRegistryImpl/DefaultRuntimePlugin of DefaultRuntimePlugin [roughlyenoughitems]/" done in 72.25 μs
[03:20:33] [main/TRACE] [REI] [REIPlugin END] Reloading Section: "reloadable-plugin/FluidComparatorRegistryImpl/" done in 603.6 μs
[03:20:33] [main/TRACE] [REI] [REIPlugin END] Reloading Section: "reloadable-plugin/DisplaySerializerRegistryImpl/"
[03:20:33] [main/TRACE] [REI] [REIPlugin END] Reloading Section: "reloadable-plugin/DisplaySerializerRegistryImpl/DefaultPlugin of DefaultPlugin [roughlyenoughitems]/"
[03:20:33] [main/TRACE] [REI] [REIPlugin END] Reloading Section: "reloadable-plugin/DisplaySerializerRegistryImpl/DefaultPlugin of DefaultPlugin [roughlyenoughitems]/" done in 20.94 ms
[03:20:33] [main/TRACE] [REI] [REIPlugin END] Reloading Section: "reloadable-plugin/DisplaySerializerRegistryImpl/FabricFluidAPISupportPlugin/"
[03:20:33] [main/TRACE] [REI] [REIPlugin END] Reloading Section: "reloadable-plugin/DisplaySerializerRegistryImpl/FabricFluidAPISupportPlugin/" done in 58.21 μs
[03:20:33] [main/TRACE] [REI] [REIPlugin END] Reloading Section: "reloadable-plugin/DisplaySerializerRegistryImpl/DefaultRuntimePlugin of DefaultRuntimePlugin [roughlyenoughitems]/"
[03:20:33] [main/TRACE] [REI] [REIPlugin END] Reloading Section: "reloadable-plugin/DisplaySerializerRegistryImpl/DefaultRuntimePlugin of DefaultRuntimePlugin [roughlyenoughitems]/" done in 45.35 μs
[03:20:33] [main/TRACE] [REI] [REIPlugin END] Reloading Section: "reloadable-plugin/DisplaySerializerRegistryImpl/" done in 21.62 ms
[03:20:33] [main/TRACE] [REI] [REIPlugin END] Reloading Section: "reloadable-plugin/FluidSupportProviderImpl/"
[03:20:33] [main/TRACE] [REI] [REIPlugin END] Reloading Section: "reloadable-plugin/FluidSupportProviderImpl/DefaultPlugin of DefaultPlugin [roughlyenoughitems]/"
[03:20:33] [main/TRACE] [REI] [REIPlugin END] Reloading Section: "reloadable-plugin/FluidSupportProviderImpl/DefaultPlugin of DefaultPlugin [roughlyenoughitems]/" done in 45.75 μs
[03:20:33] [main/TRACE] [REI] [REIPlugin END] Reloading Section: "reloadable-plugin/FluidSupportProviderImpl/FabricFluidAPISupportPlugin/"
[03:20:33] [main/TRACE] [REI] [REIPlugin END] Reloading Section: "reloadable-plugin/FluidSupportProviderImpl/FabricFluidAPISupportPlugin/" done in 444.0 μs
[03:20:33] [main/TRACE] [REI] [REIPlugin END] Reloading Section: "reloadable-plugin/FluidSupportProviderImpl/DefaultRuntimePlugin of DefaultRuntimePlugin [roughlyenoughitems]/"
[03:20:33] [main/TRACE] [REI] [REIPlugin END] Reloading Section: "reloadable-plugin/FluidSupportProviderImpl/DefaultRuntimePlugin of DefaultRuntimePlugin [roughlyenoughitems]/" done in 180.1 μs
[03:20:33] [main/TRACE] [REI] [REIPlugin END] Reloading Section: "reloadable-plugin/FluidSupportProviderImpl/" done in 1.202 ms
[03:20:33] [main/DEBUG] [REI] ========================================
[03:20:33] [main/DEBUG] [REI] REIPlugin ending main-reload for END.
[03:20:33] [main/DEBUG] [REI] ========================================
[03:20:33] [main/TRACE] [REI] [REIPlugin END] Reloading Section: "end-reload/"
[03:20:33] [main/TRACE] [REI] [REIPlugin END] Reloading Section: "end-reload/EntryTypeRegistryImpl/"
[03:20:33] [main/TRACE] [REI] [REIPlugin END] Reloading Section: "end-reload/EntryTypeRegistryImpl/" done in 30.87 μs
[03:20:33] [main/TRACE] [REI] [REIPlugin END] Reloading Section: "end-reload/EntrySettingsAdapterRegistryImpl/"
[03:20:33] [main/TRACE] [REI] [REIPlugin END] Reloading Section: "end-reload/EntrySettingsAdapterRegistryImpl/" done in 166.3 μs
[03:20:33] [main/TRACE] [REI] [REIPlugin END] Reloading Section: "end-reload/RecipeManagerContextImpl/"
[03:20:33] [main/TRACE] [REI] [REIPlugin END] Reloading Section: "end-reload/RecipeManagerContextImpl/" done in 34.77 μs
[03:20:33] [main/TRACE] [REI] [REIPlugin END] Reloading Section: "end-reload/ItemComparatorRegistryImpl/"
[03:20:33] [main/TRACE] [REI] [REIPlugin END] Reloading Section: "end-reload/ItemComparatorRegistryImpl/" done in 49.78 μs
[03:20:33] [main/TRACE] [REI] [REIPlugin END] Reloading Section: "end-reload/FluidComparatorRegistryImpl/"
[03:20:33] [main/TRACE] [REI] [REIPlugin END] Reloading Section: "end-reload/FluidComparatorRegistryImpl/" done in 531.9 μs
[03:20:33] [main/TRACE] [REI] [REIPlugin END] Reloading Section: "end-reload/DisplaySerializerRegistryImpl/"
[03:20:33] [main/TRACE] [REI] [REIPlugin END] Reloading Section: "end-reload/DisplaySerializerRegistryImpl/" done in 173.7 μs
[03:20:33] [main/TRACE] [REI] [REIPlugin END] Reloading Section: "end-reload/FluidSupportProviderImpl/"
[03:20:33] [main/TRACE] [REI] [REIPlugin END] Reloading Section: "end-reload/FluidSupportProviderImpl/" done in 43.89 μs
[03:20:33] [main/TRACE] [REI] [REIPlugin END] Reloading Section: "end-reload/" done in 5.505 ms
[03:20:33] [main/DEBUG] [REI] ========================================
[03:20:33] [main/DEBUG] [REI] REIPlugin ended main-reload for END in 36.04 ms.
[03:20:33] [main/DEBUG] [REI] ========================================
[03:20:33] [main/INFO] [REI] ########################################
[03:20:33] [main/INFO] [REI] REIServerPlugin starting main-reload for END.
[03:20:33] [main/DEBUG] [REI] Reloadables (2):
[03:20:33] [main/DEBUG] [REI]  - MenuInfoRegistryImpl
[03:20:33] [main/DEBUG] [REI]  - SlotAccessorRegistryImpl
[03:20:33] [main/INFO] [REI] Plugins (3):
[03:20:33] [main/INFO] [REI]  - (-100.00) DefaultPlugin of DefaultPlugin [roughlyenoughitems]
[03:20:33] [main/INFO] [REI]  - (0.00) FabricFluidAPISupportPlugin
[03:20:33] [main/INFO] [REI]  - (0.00) DefaultRuntimePlugin of DefaultRuntimePlugin [roughlyenoughitems]
[03:20:33] [main/INFO] [REI] ########################################
[03:20:33] [main/TRACE] [REI] [REIServerPlugin END] Reloading Section: "start-reload/"
[03:20:33] [main/TRACE] [REI] [REIServerPlugin END] Reloading Section: "start-reload/MenuInfoRegistryImpl/"
[03:20:33] [main/TRACE] [REI] [REIServerPlugin END] Reloading Section: "start-reload/MenuInfoRegistryImpl/" done in 68.45 μs
[03:20:33] [main/TRACE] [REI] [REIServerPlugin END] Reloading Section: "start-reload/SlotAccessorRegistryImpl/"
[03:20:33] [main/TRACE] [REI] [REIServerPlugin END] Reloading Section: "start-reload/SlotAccessorRegistryImpl/" done in 108.0 μs
[03:20:33] [main/TRACE] [REI] [REIServerPlugin END] Reloading Section: "start-reload/" done in 613.4 μs
[03:20:33] [main/DEBUG] [REI] ========================================
[03:20:33] [main/DEBUG] [REI] REIServerPlugin started main-reload for END.
[03:20:33] [main/DEBUG] [REI] ========================================
[03:20:33] [main/TRACE] [REI] [REIServerPlugin END] Reloading Section: "reloadable-plugin/MenuInfoRegistryImpl/"
[03:20:33] [main/TRACE] [REI] [REIServerPlugin END] Reloading Section: "reloadable-plugin/MenuInfoRegistryImpl/DefaultPlugin of DefaultPlugin [roughlyenoughitems]/"
[03:20:33] [main/TRACE] [REI] [REIServerPlugin END] Reloading Section: "reloadable-plugin/MenuInfoRegistryImpl/DefaultPlugin of DefaultPlugin [roughlyenoughitems]/" done in 323.3 μs
[03:20:33] [main/TRACE] [REI] [REIServerPlugin END] Reloading Section: "reloadable-plugin/MenuInfoRegistryImpl/FabricFluidAPISupportPlugin/"
[03:20:33] [main/TRACE] [REI] [REIServerPlugin END] Reloading Section: "reloadable-plugin/MenuInfoRegistryImpl/FabricFluidAPISupportPlugin/" done in 129.2 μs
[03:20:33] [main/TRACE] [REI] [REIServerPlugin END] Reloading Section: "reloadable-plugin/MenuInfoRegistryImpl/DefaultRuntimePlugin of DefaultRuntimePlugin [roughlyenoughitems]/"
[03:20:33] [main/TRACE] [REI] [REIServerPlugin END] Reloading Section: "reloadable-plugin/MenuInfoRegistryImpl/DefaultRuntimePlugin of DefaultRuntimePlugin [roughlyenoughitems]/" done in 72.56 μs
[03:20:33] [main/TRACE] [REI] [REIServerPlugin END] Reloading Section: "reloadable-plugin/MenuInfoRegistryImpl/" done in 1.332 ms
[03:20:33] [main/TRACE] [REI] [REIServerPlugin END] Reloading Section: "reloadable-plugin/SlotAccessorRegistryImpl/"
[03:20:33] [main/TRACE] [REI] [REIServerPlugin END] Reloading Section: "reloadable-plugin/SlotAccessorRegistryImpl/DefaultPlugin of DefaultPlugin [roughlyenoughitems]/"
[03:20:33] [main/TRACE] [REI] [REIServerPlugin END] Reloading Section: "reloadable-plugin/SlotAccessorRegistryImpl/DefaultPlugin of DefaultPlugin [roughlyenoughitems]/" done in 64.85 μs
[03:20:33] [main/TRACE] [REI] [REIServerPlugin END] Reloading Section: "reloadable-plugin/SlotAccessorRegistryImpl/FabricFluidAPISupportPlugin/"
[03:20:33] [main/TRACE] [REI] [REIServerPlugin END] Reloading Section: "reloadable-plugin/SlotAccessorRegistryImpl/FabricFluidAPISupportPlugin/" done in 50.69 μs
[03:20:33] [main/TRACE] [REI] [REIServerPlugin END] Reloading Section: "reloadable-plugin/SlotAccessorRegistryImpl/DefaultRuntimePlugin of DefaultRuntimePlugin [roughlyenoughitems]/"
[03:20:33] [main/DEBUG] [REI] Added slot accessor serializer: me.shedaniel.rei.plugin.common.runtime.DefaultRuntimePlugin$1@33e7dea8 [roughlyenoughitems:vanilla]
[03:20:33] [main/DEBUG] [REI] Added slot accessor serializer: me.shedaniel.rei.plugin.common.runtime.DefaultRuntimePlugin$2@5c8d7f06 [roughlyenoughitems:player]
[03:20:33] [main/TRACE] [REI] [REIServerPlugin END] Reloading Section: "reloadable-plugin/SlotAccessorRegistryImpl/DefaultRuntimePlugin of DefaultRuntimePlugin [roughlyenoughitems]/" done in 2.831 ms
[03:20:33] [main/TRACE] [REI] [REIServerPlugin END] Reloading Section: "reloadable-plugin/SlotAccessorRegistryImpl/" done in 3.284 ms
[03:20:33] [main/DEBUG] [REI] ========================================
[03:20:33] [main/DEBUG] [REI] REIServerPlugin ending main-reload for END.
[03:20:33] [main/DEBUG] [REI] ========================================
[03:20:33] [main/TRACE] [REI] [REIServerPlugin END] Reloading Section: "end-reload/"
[03:20:33] [main/TRACE] [REI] [REIServerPlugin END] Reloading Section: "end-reload/MenuInfoRegistryImpl/"
[03:20:33] [main/DEBUG] [REI] Registered 0 menu infos
[03:20:33] [main/TRACE] [REI] [REIServerPlugin END] Reloading Section: "end-reload/MenuInfoRegistryImpl/" done in 89.98 μs
[03:20:33] [main/TRACE] [REI] [REIServerPlugin END] Reloading Section: "end-reload/SlotAccessorRegistryImpl/"
[03:20:33] [main/DEBUG] [REI] Registered 2 slot accessor serializers
[03:20:33] [main/TRACE] [REI] [REIServerPlugin END] Reloading Section: "end-reload/SlotAccessorRegistryImpl/" done in 70.81 μs
[03:20:33] [main/TRACE] [REI] [REIServerPlugin END] Reloading Section: "end-reload/" done in 347.3 μs
[03:20:33] [main/DEBUG] [REI] ========================================
[03:20:33] [main/DEBUG] [REI] REIServerPlugin ended main-reload for END in 10.49 ms.
[03:20:33] [main/DEBUG] [REI] ========================================
[03:20:33] [main/DEBUG] [REI] ========================================
[03:20:33] [main/DEBUG] [REI] REIPlugin starting post-reload for END.
[03:20:33] [main/DEBUG] [REI] Reloadables (7):
[03:20:33] [main/DEBUG] [REI]  - EntryTypeRegistryImpl
[03:20:33] [main/DEBUG] [REI]  - EntrySettingsAdapterRegistryImpl
[03:20:33] [main/DEBUG] [REI]  - RecipeManagerContextImpl
[03:20:33] [main/DEBUG] [REI]  - ItemComparatorRegistryImpl
[03:20:33] [main/DEBUG] [REI]  - FluidComparatorRegistryImpl
[03:20:33] [main/DEBUG] [REI]  - DisplaySerializerRegistryImpl
[03:20:33] [main/DEBUG] [REI]  - FluidSupportProviderImpl
[03:20:33] [main/DEBUG] [REI] Plugins (3):
[03:20:33] [main/DEBUG] [REI]  - (-100.00) DefaultPlugin of DefaultPlugin [roughlyenoughitems]
[03:20:33] [main/DEBUG] [REI]  - (0.00) FabricFluidAPISupportPlugin
[03:20:33] [main/DEBUG] [REI]  - (0.00) DefaultRuntimePlugin of DefaultRuntimePlugin [roughlyenoughitems]
[03:20:33] [main/DEBUG] [REI] ========================================
[03:20:33] [main/TRACE] [REI] [REIPlugin END] Reloading Section: "post-register/"
[03:20:33] [main/TRACE] [REI] [REIPlugin END] Reloading Section: "post-register/DefaultPlugin of DefaultPlugin [roughlyenoughitems]/"
[03:20:33] [main/TRACE] [REI] [REIPlugin END] Reloading Section: "post-register/DefaultPlugin of DefaultPlugin [roughlyenoughitems]/" done in 49.94 μs
[03:20:33] [main/TRACE] [REI] [REIPlugin END] Reloading Section: "post-register/FabricFluidAPISupportPlugin/"
[03:20:33] [main/TRACE] [REI] [REIPlugin END] Reloading Section: "post-register/FabricFluidAPISupportPlugin/" done in 51.38 μs
[03:20:33] [main/TRACE] [REI] [REIPlugin END] Reloading Section: "post-register/DefaultRuntimePlugin of DefaultRuntimePlugin [roughlyenoughitems]/"
[03:20:33] [main/TRACE] [REI] [REIPlugin END] Reloading Section: "post-register/DefaultRuntimePlugin of DefaultRuntimePlugin [roughlyenoughitems]/" done in 33.79 μs
[03:20:33] [main/TRACE] [REI] [REIPlugin END] Reloading Section: "post-register/" done in 425.0 μs
[03:20:33] [main/TRACE] [REI] [REIPlugin END] Reloading Section: "post-stage/"
[03:20:33] [main/TRACE] [REI] [REIPlugin END] Reloading Section: "post-stage/EntryTypeRegistryImpl/"
[03:20:33] [main/TRACE] [REI] [REIPlugin END] Reloading Section: "post-stage/EntryTypeRegistryImpl/" done in 29.39 μs
[03:20:33] [main/TRACE] [REI] [REIPlugin END] Reloading Section: "post-stage/EntrySettingsAdapterRegistryImpl/"
[03:20:33] [main/TRACE] [REI] [REIPlugin END] Reloading Section: "post-stage/EntrySettingsAdapterRegistryImpl/" done in 30.12 μs
[03:20:33] [main/TRACE] [REI] [REIPlugin END] Reloading Section: "post-stage/RecipeManagerContextImpl/"
[03:20:33] [main/TRACE] [REI] [REIPlugin END] Reloading Section: "post-stage/RecipeManagerContextImpl/" done in 28.43 μs
[03:20:33] [main/TRACE] [REI] [REIPlugin END] Reloading Section: "post-stage/ItemComparatorRegistryImpl/"
[03:20:33] [main/TRACE] [REI] [REIPlugin END] Reloading Section: "post-stage/ItemComparatorRegistryImpl/" done in 51.23 μs
[03:20:33] [main/TRACE] [REI] [REIPlugin END] Reloading Section: "post-stage/FluidComparatorRegistryImpl/"
[03:20:33] [main/TRACE] [REI] [REIPlugin END] Reloading Section: "post-stage/FluidComparatorRegistryImpl/" done in 42.01 μs
[03:20:33] [main/TRACE] [REI] [REIPlugin END] Reloading Section: "post-stage/DisplaySerializerRegistryImpl/"
[03:20:33] [main/TRACE] [REI] [REIPlugin END] Reloading Section: "post-stage/DisplaySerializerRegistryImpl/" done in 53.16 μs
[03:20:33] [main/TRACE] [REI] [REIPlugin END] Reloading Section: "post-stage/FluidSupportProviderImpl/"
[03:20:33] [main/TRACE] [REI] [REIPlugin END] Reloading Section: "post-stage/FluidSupportProviderImpl/" done in 36.37 μs
[03:20:33] [main/TRACE] [REI] [REIPlugin END] Reloading Section: "post-stage/" done in 794.4 μs
[03:20:33] [main/DEBUG] [REI] ========================================
[03:20:33] [main/INFO] [REI] REIPlugin finished post-reload for END in 1.349 ms, totaling 39.32 ms.
[03:20:33] [main/DEBUG] [REI] ========================================
[03:20:33] [main/DEBUG] [REI] ========================================
[03:20:33] [main/DEBUG] [REI] REIServerPlugin starting post-reload for END.
[03:20:33] [main/DEBUG] [REI] Reloadables (2):
[03:20:33] [main/DEBUG] [REI]  - MenuInfoRegistryImpl
[03:20:33] [main/DEBUG] [REI]  - SlotAccessorRegistryImpl
[03:20:33] [main/DEBUG] [REI] Plugins (3):
[03:20:33] [main/DEBUG] [REI]  - (-100.00) DefaultPlugin of DefaultPlugin [roughlyenoughitems]
[03:20:33] [main/DEBUG] [REI]  - (0.00) FabricFluidAPISupportPlugin
[03:20:33] [main/DEBUG] [REI]  - (0.00) DefaultRuntimePlugin of DefaultRuntimePlugin [roughlyenoughitems]
[03:20:33] [main/DEBUG] [REI] ========================================
[03:20:33] [main/TRACE] [REI] [REIServerPlugin END] Reloading Section: "post-register/"
[03:20:33] [main/TRACE] [REI] [REIServerPlugin END] Reloading Section: "post-register/DefaultPlugin of DefaultPlugin [roughlyenoughitems]/"
[03:20:33] [main/TRACE] [REI] [REIServerPlugin END] Reloading Section: "post-register/DefaultPlugin of DefaultPlugin [roughlyenoughitems]/" done in 33.54 μs
[03:20:33] [main/TRACE] [REI] [REIServerPlugin END] Reloading Section: "post-register/FabricFluidAPISupportPlugin/"
[03:20:33] [main/TRACE] [REI] [REIServerPlugin END] Reloading Section: "post-register/FabricFluidAPISupportPlugin/" done in 30.03 μs
[03:20:33] [main/TRACE] [REI] [REIServerPlugin END] Reloading Section: "post-register/DefaultRuntimePlugin of DefaultRuntimePlugin [roughlyenoughitems]/"
[03:20:33] [main/TRACE] [REI] [REIServerPlugin END] Reloading Section: "post-register/DefaultRuntimePlugin of DefaultRuntimePlugin [roughlyenoughitems]/" done in 36.88 μs
[03:20:33] [main/TRACE] [REI] [REIServerPlugin END] Reloading Section: "post-register/" done in 323.4 μs
[03:20:33] [main/TRACE] [REI] [REIServerPlugin END] Reloading Section: "post-stage/"
[03:20:33] [main/TRACE] [REI] [REIServerPlugin END] Reloading Section: "post-stage/MenuInfoRegistryImpl/"
[03:20:33] [main/TRACE] [REI] [REIServerPlugin END] Reloading Section: "post-stage/MenuInfoRegistryImpl/" done in 37.66 μs
[03:20:33] [main/TRACE] [REI] [REIServerPlugin END] Reloading Section: "post-stage/SlotAccessorRegistryImpl/"
[03:20:33] [main/TRACE] [REI] [REIServerPlugin END] Reloading Section: "post-stage/SlotAccessorRegistryImpl/" done in 39.20 μs
[03:20:33] [main/TRACE] [REI] [REIServerPlugin END] Reloading Section: "post-stage/" done in 262.5 μs
[03:20:33] [main/DEBUG] [REI] ========================================
[03:20:33] [main/INFO] [REI] REIServerPlugin finished post-reload for END in 755.1 μs, totaling 12.26 ms.
[03:20:33] [main/DEBUG] [REI] ========================================
